###############################################################################
#
# IAR ANSI C/C++ Compiler V7.10.1.6676/W32 for ARM        25/Feb/2020  16:59:11
# Copyright 1999-2014 IAR Systems AB.
#
#    Cpu mode     =  thumb
#    Endian       =  little
#    Source file  =  
#        E:\code\Robin_Nano_SVN\branches\robin_nano_tft35_¼ÎºÌÈýÎ¬\mksRobin_Nano_code\Middlewares\Ucgui\GUI\Widget\EDIT_GetNumChars.c
#    Command line =  
#        E:\code\Robin_Nano_SVN\branches\robin_nano_tft35_¼ÎºÌÈýÎ¬\mksRobin_Nano_code\Middlewares\Ucgui\GUI\Widget\EDIT_GetNumChars.c
#        -D USE_HAL_DRIVER -D STM32F103xE -D STM32F10X_HD -D USE_HAL_LIB -D
#        MKS_ROBIN_NANO -D TFT35 -lC
#        E:\code\Robin_Nano_SVN\branches\robin_nano_tft35_¼ÎºÌÈýÎ¬\mksRobin_Nano_code\EWARM\mksRobin2/List\
#        -lA
#        E:\code\Robin_Nano_SVN\branches\robin_nano_tft35_¼ÎºÌÈýÎ¬\mksRobin_Nano_code\EWARM\mksRobin2/List\
#        --diag_suppress Pa050 -o
#        E:\code\Robin_Nano_SVN\branches\robin_nano_tft35_¼ÎºÌÈýÎ¬\mksRobin_Nano_code\EWARM\mksRobin2/Obj\
#        --no_unroll --no_inline --no_tbaa --no_scheduling --debug
#        --endian=little --cpu=Cortex-M3 -e --char_is_signed --fpu=None
#        --dlib_config "C:\Program Files (x86)\IAR Systems\Embedded Workbench
#        7.0\arm\INC\c\DLib_Config_Full.h" -I
#        E:\code\Robin_Nano_SVN\branches\robin_nano_tft35_¼ÎºÌÈýÎ¬\mksRobin_Nano_code\EWARM/../Inc\
#        -I
#        E:\code\Robin_Nano_SVN\branches\robin_nano_tft35_¼ÎºÌÈýÎ¬\mksRobin_Nano_code\EWARM/../Src\
#        -I
#        E:\code\Robin_Nano_SVN\branches\robin_nano_tft35_¼ÎºÌÈýÎ¬\mksRobin_Nano_code\EWARM/../Drivers/STM32F1xx_HAL_Driver/Inc\
#        -I
#        E:\code\Robin_Nano_SVN\branches\robin_nano_tft35_¼ÎºÌÈýÎ¬\mksRobin_Nano_code\EWARM/../Drivers/STM32F1xx_HAL_Driver/Inc/Legacy\
#        -I
#        E:\code\Robin_Nano_SVN\branches\robin_nano_tft35_¼ÎºÌÈýÎ¬\mksRobin_Nano_code\EWARM/../Middlewares/Third_Party/FatFs/src/drivers\
#        -I
#        E:\code\Robin_Nano_SVN\branches\robin_nano_tft35_¼ÎºÌÈýÎ¬\mksRobin_Nano_code\EWARM/../Middlewares/ST/STM32_USB_Host_Library/Core/Inc\
#        -I
#        E:\code\Robin_Nano_SVN\branches\robin_nano_tft35_¼ÎºÌÈýÎ¬\mksRobin_Nano_code\EWARM/../Middlewares/ST/STM32_USB_Host_Library/Class/MSC/Inc\
#        -I
#        E:\code\Robin_Nano_SVN\branches\robin_nano_tft35_¼ÎºÌÈýÎ¬\mksRobin_Nano_code\EWARM/../Drivers/CMSIS/Device/ST/STM32F1xx/Include\
#        -I
#        E:\code\Robin_Nano_SVN\branches\robin_nano_tft35_¼ÎºÌÈýÎ¬\mksRobin_Nano_code\EWARM/../Middlewares/Third_Party/FatFs/src\
#        -I
#        E:\code\Robin_Nano_SVN\branches\robin_nano_tft35_¼ÎºÌÈýÎ¬\mksRobin_Nano_code\EWARM/../Middlewares/Third_Party/Marlin\
#        -I
#        E:\code\Robin_Nano_SVN\branches\robin_nano_tft35_¼ÎºÌÈýÎ¬\mksRobin_Nano_code\EWARM/../Drivers/CMSIS/Include\
#        -I
#        E:\code\Robin_Nano_SVN\branches\robin_nano_tft35_¼ÎºÌÈýÎ¬\mksRobin_Nano_code\EWARM/../Drivers/BSP/variant\
#        -I
#        E:\code\Robin_Nano_SVN\branches\robin_nano_tft35_¼ÎºÌÈýÎ¬\mksRobin_Nano_code\EWARM/../Drivers/BSP/Components/at24cxx\
#        -I
#        E:\code\Robin_Nano_SVN\branches\robin_nano_tft35_¼ÎºÌÈýÎ¬\mksRobin_Nano_code\EWARM/../Drivers/BSP/Components/w25qxx\
#        -I
#        E:\code\Robin_Nano_SVN\branches\robin_nano_tft35_¼ÎºÌÈýÎ¬\mksRobin_Nano_code\EWARM/../Drivers/BSP/Components/lcd\
#        -I
#        E:\code\Robin_Nano_SVN\branches\robin_nano_tft35_¼ÎºÌÈýÎ¬\mksRobin_Nano_code\EWARM/../Drivers/STM32F10x_StdPeriph_Driver/inc\
#        -I
#        E:\code\Robin_Nano_SVN\branches\robin_nano_tft35_¼ÎºÌÈýÎ¬\mksRobin_Nano_code\EWARM/../Drivers/libstmf4/include\
#        -I
#        E:\code\Robin_Nano_SVN\branches\robin_nano_tft35_¼ÎºÌÈýÎ¬\mksRobin_Nano_code\EWARM/../Middlewares/arduino/stm32/cores/arduino\
#        -I
#        E:\code\Robin_Nano_SVN\branches\robin_nano_tft35_¼ÎºÌÈýÎ¬\mksRobin_Nano_code\EWARM/../Middlewares/Ucgui\
#        -I
#        E:\code\Robin_Nano_SVN\branches\robin_nano_tft35_¼ÎºÌÈýÎ¬\mksRobin_Nano_code\EWARM/../Middlewares/Ucgui/GUI/ConvertColor\
#        -I
#        E:\code\Robin_Nano_SVN\branches\robin_nano_tft35_¼ÎºÌÈýÎ¬\mksRobin_Nano_code\EWARM/../Middlewares/Ucgui/GUI/ConvertMono\
#        -I
#        E:\code\Robin_Nano_SVN\branches\robin_nano_tft35_¼ÎºÌÈýÎ¬\mksRobin_Nano_code\EWARM/../Middlewares/Ucgui/GUI/Core\
#        -I
#        E:\code\Robin_Nano_SVN\branches\robin_nano_tft35_¼ÎºÌÈýÎ¬\mksRobin_Nano_code\EWARM/../Middlewares/Ucgui/GUI/Font\
#        -I
#        E:\code\Robin_Nano_SVN\branches\robin_nano_tft35_¼ÎºÌÈýÎ¬\mksRobin_Nano_code\EWARM/../Middlewares/Ucgui/AntiAlias\
#        -I
#        E:\code\Robin_Nano_SVN\branches\robin_nano_tft35_¼ÎºÌÈýÎ¬\mksRobin_Nano_code\EWARM/../Middlewares/Ucgui/GUI/GUIDemo\
#        -I
#        E:\code\Robin_Nano_SVN\branches\robin_nano_tft35_¼ÎºÌÈýÎ¬\mksRobin_Nano_code\EWARM/../Middlewares/Ucgui/GUI/LCDDriver\
#        -I
#        E:\code\Robin_Nano_SVN\branches\robin_nano_tft35_¼ÎºÌÈýÎ¬\mksRobin_Nano_code\EWARM/../Middlewares/Ucgui/GUI/MemDev\
#        -I
#        E:\code\Robin_Nano_SVN\branches\robin_nano_tft35_¼ÎºÌÈýÎ¬\mksRobin_Nano_code\EWARM/../Middlewares/Ucgui/GUI/MultiLayer\
#        -I
#        E:\code\Robin_Nano_SVN\branches\robin_nano_tft35_¼ÎºÌÈýÎ¬\mksRobin_Nano_code\EWARM/../Middlewares/Ucgui/GUI/Widget\
#        -I
#        E:\code\Robin_Nano_SVN\branches\robin_nano_tft35_¼ÎºÌÈýÎ¬\mksRobin_Nano_code\EWARM/../Middlewares/Ucgui/GUI/WM\
#        -I
#        E:\code\Robin_Nano_SVN\branches\robin_nano_tft35_¼ÎºÌÈýÎ¬\mksRobin_Nano_code\EWARM/../Middlewares/Ucgui/GUI_X\
#        -I
#        E:\code\Robin_Nano_SVN\branches\robin_nano_tft35_¼ÎºÌÈýÎ¬\mksRobin_Nano_code\EWARM/../Middlewares/Ucgui/Config\
#        -I
#        E:\code\Robin_Nano_SVN\branches\robin_nano_tft35_¼ÎºÌÈýÎ¬\mksRobin_Nano_code\EWARM/../User/ui\
#        -I
#        E:\code\Robin_Nano_SVN\branches\robin_nano_tft35_¼ÎºÌÈýÎ¬\mksRobin_Nano_code\EWARM/../User/ui/Multi_language\
#        -I
#        E:\code\Robin_Nano_SVN\branches\robin_nano_tft35_¼ÎºÌÈýÎ¬\mksRobin_Nano_code\EWARM/../User/ui/QRENCODE\
#        -Om --use_c++_inline -I "C:\Program Files (x86)\IAR Systems\Embedded
#        Workbench 7.0\arm\CMSIS\Include\"
#    List file    =  
#        E:\code\Robin_Nano_SVN\branches\robin_nano_tft35_¼ÎºÌÈýÎ¬\mksRobin_Nano_code\EWARM\mksRobin2/List\EDIT_GetNumChars.lst
#    Object file  =  
#        E:\code\Robin_Nano_SVN\branches\robin_nano_tft35_¼ÎºÌÈýÎ¬\mksRobin_Nano_code\EWARM\mksRobin2/Obj\EDIT_GetNumChars.o
#
###############################################################################

E:\code\Robin_Nano_SVN\branches\robin_nano_tft35_¼ÎºÌÈýÎ¬\mksRobin_Nano_code\Middlewares\Ucgui\GUI\Widget\EDIT_GetNumChars.c
      1          /*
      2          *********************************************************************************************************
      3          *                                                uC/GUI
      4          *                        Universal graphic software for embedded applications
      5          *
      6          *                       (c) Copyright 2002, Micrium Inc., Weston, FL
      7          *                       (c) Copyright 2002, SEGGER Microcontroller Systeme GmbH
      8          *
      9          *              µC/GUI is protected by international copyright laws. Knowledge of the
     10          *              source code may not be used to write a similar product. This file may
     11          *              only be used in accordance with a license and should not be redistributed
     12          *              in any way. We appreciate your understanding and fairness.
     13          *
     14          ----------------------------------------------------------------------
     15          File        : EDIT_GetNumChars.c
     16          Purpose     : Implementation of edit widget
     17          ---------------------------END-OF-HEADER------------------------------
     18          */
     19          
     20          #include "EDIT.h"
     21          #include "EDIT_Private.h"
     22          
     23          #if GUI_WINSUPPORT
     24          
     25          /*********************************************************************
     26          *
     27          *             Exported routines
     28          *
     29          **********************************************************************
     30          */
     31          /*********************************************************************
     32          *
     33          *       EDIT_GetNumChars
     34          */

   \                                 In section .text, align 2, keep-with-next
     35          int EDIT_GetNumChars(EDIT_Handle hObj) {
   \                     EDIT_GetNumChars: (+1)
   \   00000000   0xB510             PUSH     {R4,LR}
     36            int NumChars = 0;
   \   00000002   0x2400             MOVS     R4,#+0
     37            if (hObj) {
   \   00000004   0x2800             CMP      R0,#+0
   \   00000006   0xD00A             BEQ.N    ??EDIT_GetNumChars_0
     38              EDIT_Obj* pObj;
     39              WM_LOCK();
     40              pObj = EDIT_H2P(hObj);
   \   00000008   0x.... 0x....      BL       GUI_ALLOC_h2p
     41              if (pObj->hpText) {
   \   0000000C   0xF9B0 0x0028      LDRSH    R0,[R0, #+40]
   \   00000010   0x2800             CMP      R0,#+0
   \   00000012   0xD004             BEQ.N    ??EDIT_GetNumChars_0
     42                char * pText;
     43                pText    = (char*) GUI_ALLOC_h2p(pObj->hpText);
   \   00000014   0x.... 0x....      BL       GUI_ALLOC_h2p
     44                NumChars = GUI__GetNumChars(pText);
   \   00000018   0x.... 0x....      BL       GUI__GetNumChars
   \   0000001C   0x4604             MOV      R4,R0
     45              }
     46              WM_UNLOCK();
     47            }
     48            return NumChars;
   \                     ??EDIT_GetNumChars_0: (+1)
   \   0000001E   0x4620             MOV      R0,R4
   \   00000020   0xBD10             POP      {R4,PC}          ;; return
     49          }
     50          
     51          #else  /* avoid empty object files */
     52          
     53          void EDIT_GetNumChars_C(void);
     54          void EDIT_GetNumChars_C(void) {}
     55          
     56          #endif /* GUI_WINSUPPORT */
     57          
     58          

   Maximum stack usage in bytes:

   .cstack Function
   ------- --------
       8   EDIT_GetNumChars
         8   -> GUI_ALLOC_h2p
         8   -> GUI__GetNumChars


   Section sizes:

   Bytes  Function/Label
   -----  --------------
      34  EDIT_GetNumChars

 
 34 bytes in section .text
 
 34 bytes of CODE memory

Errors: none
Warnings: none
