###############################################################################
#
# IAR ANSI C/C++ Compiler V7.10.1.6676/W32 for ARM        25/Feb/2020  16:59:44
# Copyright 1999-2014 IAR Systems AB.
#
#    Cpu mode     =  thumb
#    Endian       =  little
#    Source file  =  
#        E:\code\Robin_Nano_SVN\branches\robin_nano_tft35_¼ÎºÌÈýÎ¬\mksRobin_Nano_code\Middlewares\Ucgui\GUI\Widget\GUI_EditFloat.c
#    Command line =  
#        E:\code\Robin_Nano_SVN\branches\robin_nano_tft35_¼ÎºÌÈýÎ¬\mksRobin_Nano_code\Middlewares\Ucgui\GUI\Widget\GUI_EditFloat.c
#        -D USE_HAL_DRIVER -D STM32F103xE -D STM32F10X_HD -D USE_HAL_LIB -D
#        MKS_ROBIN_NANO -D TFT35 -lC
#        E:\code\Robin_Nano_SVN\branches\robin_nano_tft35_¼ÎºÌÈýÎ¬\mksRobin_Nano_code\EWARM\mksRobin2/List\
#        -lA
#        E:\code\Robin_Nano_SVN\branches\robin_nano_tft35_¼ÎºÌÈýÎ¬\mksRobin_Nano_code\EWARM\mksRobin2/List\
#        --diag_suppress Pa050 -o
#        E:\code\Robin_Nano_SVN\branches\robin_nano_tft35_¼ÎºÌÈýÎ¬\mksRobin_Nano_code\EWARM\mksRobin2/Obj\
#        --no_unroll --no_inline --no_tbaa --no_scheduling --debug
#        --endian=little --cpu=Cortex-M3 -e --char_is_signed --fpu=None
#        --dlib_config "C:\Program Files (x86)\IAR Systems\Embedded Workbench
#        7.0\arm\INC\c\DLib_Config_Full.h" -I
#        E:\code\Robin_Nano_SVN\branches\robin_nano_tft35_¼ÎºÌÈýÎ¬\mksRobin_Nano_code\EWARM/../Inc\
#        -I
#        E:\code\Robin_Nano_SVN\branches\robin_nano_tft35_¼ÎºÌÈýÎ¬\mksRobin_Nano_code\EWARM/../Src\
#        -I
#        E:\code\Robin_Nano_SVN\branches\robin_nano_tft35_¼ÎºÌÈýÎ¬\mksRobin_Nano_code\EWARM/../Drivers/STM32F1xx_HAL_Driver/Inc\
#        -I
#        E:\code\Robin_Nano_SVN\branches\robin_nano_tft35_¼ÎºÌÈýÎ¬\mksRobin_Nano_code\EWARM/../Drivers/STM32F1xx_HAL_Driver/Inc/Legacy\
#        -I
#        E:\code\Robin_Nano_SVN\branches\robin_nano_tft35_¼ÎºÌÈýÎ¬\mksRobin_Nano_code\EWARM/../Middlewares/Third_Party/FatFs/src/drivers\
#        -I
#        E:\code\Robin_Nano_SVN\branches\robin_nano_tft35_¼ÎºÌÈýÎ¬\mksRobin_Nano_code\EWARM/../Middlewares/ST/STM32_USB_Host_Library/Core/Inc\
#        -I
#        E:\code\Robin_Nano_SVN\branches\robin_nano_tft35_¼ÎºÌÈýÎ¬\mksRobin_Nano_code\EWARM/../Middlewares/ST/STM32_USB_Host_Library/Class/MSC/Inc\
#        -I
#        E:\code\Robin_Nano_SVN\branches\robin_nano_tft35_¼ÎºÌÈýÎ¬\mksRobin_Nano_code\EWARM/../Drivers/CMSIS/Device/ST/STM32F1xx/Include\
#        -I
#        E:\code\Robin_Nano_SVN\branches\robin_nano_tft35_¼ÎºÌÈýÎ¬\mksRobin_Nano_code\EWARM/../Middlewares/Third_Party/FatFs/src\
#        -I
#        E:\code\Robin_Nano_SVN\branches\robin_nano_tft35_¼ÎºÌÈýÎ¬\mksRobin_Nano_code\EWARM/../Middlewares/Third_Party/Marlin\
#        -I
#        E:\code\Robin_Nano_SVN\branches\robin_nano_tft35_¼ÎºÌÈýÎ¬\mksRobin_Nano_code\EWARM/../Drivers/CMSIS/Include\
#        -I
#        E:\code\Robin_Nano_SVN\branches\robin_nano_tft35_¼ÎºÌÈýÎ¬\mksRobin_Nano_code\EWARM/../Drivers/BSP/variant\
#        -I
#        E:\code\Robin_Nano_SVN\branches\robin_nano_tft35_¼ÎºÌÈýÎ¬\mksRobin_Nano_code\EWARM/../Drivers/BSP/Components/at24cxx\
#        -I
#        E:\code\Robin_Nano_SVN\branches\robin_nano_tft35_¼ÎºÌÈýÎ¬\mksRobin_Nano_code\EWARM/../Drivers/BSP/Components/w25qxx\
#        -I
#        E:\code\Robin_Nano_SVN\branches\robin_nano_tft35_¼ÎºÌÈýÎ¬\mksRobin_Nano_code\EWARM/../Drivers/BSP/Components/lcd\
#        -I
#        E:\code\Robin_Nano_SVN\branches\robin_nano_tft35_¼ÎºÌÈýÎ¬\mksRobin_Nano_code\EWARM/../Drivers/STM32F10x_StdPeriph_Driver/inc\
#        -I
#        E:\code\Robin_Nano_SVN\branches\robin_nano_tft35_¼ÎºÌÈýÎ¬\mksRobin_Nano_code\EWARM/../Drivers/libstmf4/include\
#        -I
#        E:\code\Robin_Nano_SVN\branches\robin_nano_tft35_¼ÎºÌÈýÎ¬\mksRobin_Nano_code\EWARM/../Middlewares/arduino/stm32/cores/arduino\
#        -I
#        E:\code\Robin_Nano_SVN\branches\robin_nano_tft35_¼ÎºÌÈýÎ¬\mksRobin_Nano_code\EWARM/../Middlewares/Ucgui\
#        -I
#        E:\code\Robin_Nano_SVN\branches\robin_nano_tft35_¼ÎºÌÈýÎ¬\mksRobin_Nano_code\EWARM/../Middlewares/Ucgui/GUI/ConvertColor\
#        -I
#        E:\code\Robin_Nano_SVN\branches\robin_nano_tft35_¼ÎºÌÈýÎ¬\mksRobin_Nano_code\EWARM/../Middlewares/Ucgui/GUI/ConvertMono\
#        -I
#        E:\code\Robin_Nano_SVN\branches\robin_nano_tft35_¼ÎºÌÈýÎ¬\mksRobin_Nano_code\EWARM/../Middlewares/Ucgui/GUI/Core\
#        -I
#        E:\code\Robin_Nano_SVN\branches\robin_nano_tft35_¼ÎºÌÈýÎ¬\mksRobin_Nano_code\EWARM/../Middlewares/Ucgui/GUI/Font\
#        -I
#        E:\code\Robin_Nano_SVN\branches\robin_nano_tft35_¼ÎºÌÈýÎ¬\mksRobin_Nano_code\EWARM/../Middlewares/Ucgui/AntiAlias\
#        -I
#        E:\code\Robin_Nano_SVN\branches\robin_nano_tft35_¼ÎºÌÈýÎ¬\mksRobin_Nano_code\EWARM/../Middlewares/Ucgui/GUI/GUIDemo\
#        -I
#        E:\code\Robin_Nano_SVN\branches\robin_nano_tft35_¼ÎºÌÈýÎ¬\mksRobin_Nano_code\EWARM/../Middlewares/Ucgui/GUI/LCDDriver\
#        -I
#        E:\code\Robin_Nano_SVN\branches\robin_nano_tft35_¼ÎºÌÈýÎ¬\mksRobin_Nano_code\EWARM/../Middlewares/Ucgui/GUI/MemDev\
#        -I
#        E:\code\Robin_Nano_SVN\branches\robin_nano_tft35_¼ÎºÌÈýÎ¬\mksRobin_Nano_code\EWARM/../Middlewares/Ucgui/GUI/MultiLayer\
#        -I
#        E:\code\Robin_Nano_SVN\branches\robin_nano_tft35_¼ÎºÌÈýÎ¬\mksRobin_Nano_code\EWARM/../Middlewares/Ucgui/GUI/Widget\
#        -I
#        E:\code\Robin_Nano_SVN\branches\robin_nano_tft35_¼ÎºÌÈýÎ¬\mksRobin_Nano_code\EWARM/../Middlewares/Ucgui/GUI/WM\
#        -I
#        E:\code\Robin_Nano_SVN\branches\robin_nano_tft35_¼ÎºÌÈýÎ¬\mksRobin_Nano_code\EWARM/../Middlewares/Ucgui/GUI_X\
#        -I
#        E:\code\Robin_Nano_SVN\branches\robin_nano_tft35_¼ÎºÌÈýÎ¬\mksRobin_Nano_code\EWARM/../Middlewares/Ucgui/Config\
#        -I
#        E:\code\Robin_Nano_SVN\branches\robin_nano_tft35_¼ÎºÌÈýÎ¬\mksRobin_Nano_code\EWARM/../User/ui\
#        -I
#        E:\code\Robin_Nano_SVN\branches\robin_nano_tft35_¼ÎºÌÈýÎ¬\mksRobin_Nano_code\EWARM/../User/ui/Multi_language\
#        -I
#        E:\code\Robin_Nano_SVN\branches\robin_nano_tft35_¼ÎºÌÈýÎ¬\mksRobin_Nano_code\EWARM/../User/ui/QRENCODE\
#        -Om --use_c++_inline -I "C:\Program Files (x86)\IAR Systems\Embedded
#        Workbench 7.0\arm\CMSIS\Include\"
#    List file    =  
#        E:\code\Robin_Nano_SVN\branches\robin_nano_tft35_¼ÎºÌÈýÎ¬\mksRobin_Nano_code\EWARM\mksRobin2/List\GUI_EditFloat.lst
#    Object file  =  
#        E:\code\Robin_Nano_SVN\branches\robin_nano_tft35_¼ÎºÌÈýÎ¬\mksRobin_Nano_code\EWARM\mksRobin2/Obj\GUI_EditFloat.o
#
###############################################################################

E:\code\Robin_Nano_SVN\branches\robin_nano_tft35_¼ÎºÌÈýÎ¬\mksRobin_Nano_code\Middlewares\Ucgui\GUI\Widget\GUI_EditFloat.c
      1          /*
      2          *********************************************************************************************************
      3          *                                                uC/GUI
      4          *                        Universal graphic software for embedded applications
      5          *
      6          *                       (c) Copyright 2002, Micrium Inc., Weston, FL
      7          *                       (c) Copyright 2002, SEGGER Microcontroller Systeme GmbH
      8          *
      9          *              µC/GUI is protected by international copyright laws. Knowledge of the
     10          *              source code may not be used to write a similar product. This file may
     11          *              only be used in accordance with a license and should not be redistributed
     12          *              in any way. We appreciate your understanding and fairness.
     13          *
     14          ----------------------------------------------------------------------
     15          File        : GUI_EditFloat.c
     16          Purpose     : Widget, add. module
     17          ----------------------------------------------------------------------
     18          */
     19          
     20          #include "EDIT.h"
     21          #include "GUI_Protected.h"
     22          #include "EDIT_Private.h"
     23          
     24          #if GUI_WINSUPPORT
     25          
     26          /*********************************************************************
     27          *
     28          *             Exported routines
     29          *
     30          **********************************************************************
     31          */
     32          /*********************************************************************
     33          *
     34          *       GUI_EditFloat
     35          */

   \                                 In section .text, align 4, keep-with-next
     36          float GUI_EditFloat(float Value, float Min, float Max, int Len, int xsize, int Shift, U8 Flags) {
   \                     GUI_EditFloat: (+1)
   \   00000000   0xE92D 0x4FFE      PUSH     {R1-R11,LR}
   \   00000004   0x4604             MOV      R4,R0
   \   00000006   0x460D             MOV      R5,R1
   \   00000008   0x4616             MOV      R6,R2
   \   0000000A   0x4698             MOV      R8,R3
     37            float Ret;
     38            int Key, x, y, ysize, Id;
     39            EDIT_Handle hEdit;
     40            EDIT_Obj* pObj;
     41            const GUI_FONT GUI_UNI_PTR * pOldFont = GUI_SetFont(EDIT_GetDefaultFont());
   \   0000000C   0x.... 0x....      BL       EDIT_GetDefaultFont
   \   00000010   0x.... 0x....      BL       GUI_SetFont
   \   00000014   0x4607             MOV      R7,R0
     42            x = GUI_GetDispPosX();
   \   00000016   0x.... 0x....      BL       GUI_GetDispPosX
   \   0000001A   0x4681             MOV      R9,R0
     43            y = GUI_GetDispPosY();
   \   0000001C   0x.... 0x....      BL       GUI_GetDispPosY
   \   00000020   0x4682             MOV      R10,R0
   \   00000022   0xF8DD 0xB030      LDR      R11,[SP, #+48]
     44            if (xsize == 0)
   \   00000026   0xF1BB 0x0F00      CMP      R11,#+0
   \   0000002A   0xD104             BNE.N    ??GUI_EditFloat_0
     45              xsize = GUI_GetCharDistX('X') * Len;
   \   0000002C   0x2058             MOVS     R0,#+88
   \   0000002E   0x.... 0x....      BL       GUI_GetCharDistX
   \   00000032   0xFB08 0xFB00      MUL      R11,R8,R0
     46            ysize = GUI_GetFontSizeY();
   \                     ??GUI_EditFloat_0: (+1)
   \   00000036   0x.... 0x....      BL       GUI_GetFontSizeY
   \   0000003A   0x4603             MOV      R3,R0
     47            Id = 0x1234;
     48            hEdit = EDIT_Create(x, y, xsize, ysize, Id, Len, 0);
   \   0000003C   0x2000             MOVS     R0,#+0
   \   0000003E   0x9002             STR      R0,[SP, #+8]
   \   00000040   0xF8CD 0x8004      STR      R8,[SP, #+4]
   \   00000044   0xF241 0x2034      MOVW     R0,#+4660
   \   00000048   0x9000             STR      R0,[SP, #+0]
   \   0000004A   0x465A             MOV      R2,R11
   \   0000004C   0x4651             MOV      R1,R10
   \   0000004E   0x4648             MOV      R0,R9
   \   00000050   0x.... 0x....      BL       EDIT_Create
   \   00000054   0x4680             MOV      R8,R0
     49            pObj = EDIT_H2P(hEdit);
   \   00000056   0x.... 0x....      BL       GUI_ALLOC_h2p
   \   0000005A   0x4681             MOV      R9,R0
     50            EDIT_SetFloatMode(hEdit, Value, Min, Max, Shift, Flags);
   \   0000005C   0x980E             LDR      R0,[SP, #+56]
   \   0000005E   0x9001             STR      R0,[SP, #+4]
   \   00000060   0x980D             LDR      R0,[SP, #+52]
   \   00000062   0x9000             STR      R0,[SP, #+0]
   \   00000064   0x4633             MOV      R3,R6
   \   00000066   0x462A             MOV      R2,R5
   \   00000068   0x4621             MOV      R1,R4
   \   0000006A   0x4640             MOV      R0,R8
   \   0000006C   0x.... 0x....      BL       EDIT_SetFloatMode
     51            do {
     52              Key = GUI_WaitKey();
   \                     ??GUI_EditFloat_1: (+1)
   \   00000070   0x.... 0x....      BL       GUI_WaitKey
   \   00000074   0x4604             MOV      R4,R0
     53              switch (Key) {
   \   00000076   0x2C1B             CMP      R4,#+27
   \   00000078   0xD003             BEQ.N    ??GUI_EditFloat_2
     54              case GUI_KEY_ESCAPE:
     55                break;
     56              default:
     57                EDIT_AddKey(hEdit, Key);
   \   0000007A   0x4621             MOV      R1,R4
   \   0000007C   0x4640             MOV      R0,R8
   \   0000007E   0x.... 0x....      BL       EDIT_AddKey
     58              }
     59            } while ((Key != GUI_KEY_ESCAPE) && (Key != GUI_KEY_ENTER) && (Key != 0));
   \                     ??GUI_EditFloat_2: (+1)
   \   00000082   0x2C1B             CMP      R4,#+27
   \   00000084   0xD003             BEQ.N    ??GUI_EditFloat_3
   \   00000086   0x2C0D             CMP      R4,#+13
   \   00000088   0xD001             BEQ.N    ??GUI_EditFloat_3
   \   0000008A   0x2C00             CMP      R4,#+0
   \   0000008C   0xD1F0             BNE.N    ??GUI_EditFloat_1
     60            GUI_SetFont(pOldFont);
   \                     ??GUI_EditFloat_3: (+1)
   \   0000008E   0x4638             MOV      R0,R7
   \   00000090   0x.... 0x....      BL       GUI_SetFont
     61            Ret = (I32)pObj->CurrentValue / (float)GUI_Pow10[pObj->NumDecs];
   \   00000094   0xF8D9 0x003C      LDR      R0,[R9, #+60]
   \   00000098   0x.... 0x....      BL       __aeabi_i2f
   \   0000009C   0x4604             MOV      R4,R0
   \   0000009E   0xF899 0x0038      LDRB     R0,[R9, #+56]
   \   000000A2   0x4908             LDR.N    R1,??GUI_EditFloat_4
   \   000000A4   0xF851 0x0020      LDR      R0,[R1, R0, LSL #+2]
   \   000000A8   0x.... 0x....      BL       __aeabi_ui2f
   \   000000AC   0x4601             MOV      R1,R0
   \   000000AE   0x4620             MOV      R0,R4
   \   000000B0   0x.... 0x....      BL       __aeabi_fdiv
   \   000000B4   0x4604             MOV      R4,R0
     62            EDIT_Delete(hEdit);
   \   000000B6   0x4640             MOV      R0,R8
   \   000000B8   0x.... 0x....      BL       WM_DeleteWindow
     63            return Ret;
   \   000000BC   0x4620             MOV      R0,R4
   \   000000BE   0xE8BD 0x8FFE      POP      {R1-R11,PC}      ;; return
   \   000000C2   0xBF00             Nop      
   \                     ??GUI_EditFloat_4:
   \   000000C4   0x........         DC32     GUI_Pow10
     64          }
     65          
     66          #else /* avoid empty object files */
     67          
     68          void GUI_EditFloat_C(void);
     69          void GUI_EditFloat_C(void){}
     70          
     71          #endif

   Maximum stack usage in bytes:

   .cstack Function
   ------- --------
      48   GUI_EditFloat
        48   -> EDIT_AddKey
        48   -> EDIT_Create
        48   -> EDIT_GetDefaultFont
        48   -> EDIT_SetFloatMode
        48   -> GUI_ALLOC_h2p
        48   -> GUI_GetCharDistX
        48   -> GUI_GetDispPosX
        48   -> GUI_GetDispPosY
        48   -> GUI_GetFontSizeY
        48   -> GUI_SetFont
        48   -> GUI_WaitKey
        48   -> WM_DeleteWindow
        48   -> __aeabi_fdiv
        48   -> __aeabi_i2f
        48   -> __aeabi_ui2f


   Section sizes:

   Bytes  Function/Label
   -----  --------------
     200  GUI_EditFloat

 
 200 bytes in section .text
 
 200 bytes of CODE memory

Errors: none
Warnings: none
