###############################################################################
#
# IAR ANSI C/C++ Compiler V7.10.1.6676/W32 for ARM        25/Feb/2020  16:59:46
# Copyright 1999-2014 IAR Systems AB.
#
#    Cpu mode     =  thumb
#    Endian       =  little
#    Source file  =  
#        E:\code\Robin_Nano_SVN\branches\robin_nano_tft35_¼ÎºÌÈýÎ¬\mksRobin_Nano_code\Middlewares\Ucgui\GUI\Core\GUI_GetColor.c
#    Command line =  
#        E:\code\Robin_Nano_SVN\branches\robin_nano_tft35_¼ÎºÌÈýÎ¬\mksRobin_Nano_code\Middlewares\Ucgui\GUI\Core\GUI_GetColor.c
#        -D USE_HAL_DRIVER -D STM32F103xE -D STM32F10X_HD -D USE_HAL_LIB -D
#        MKS_ROBIN_NANO -D TFT35 -lC
#        E:\code\Robin_Nano_SVN\branches\robin_nano_tft35_¼ÎºÌÈýÎ¬\mksRobin_Nano_code\EWARM\mksRobin2/List\
#        -lA
#        E:\code\Robin_Nano_SVN\branches\robin_nano_tft35_¼ÎºÌÈýÎ¬\mksRobin_Nano_code\EWARM\mksRobin2/List\
#        --diag_suppress Pa050 -o
#        E:\code\Robin_Nano_SVN\branches\robin_nano_tft35_¼ÎºÌÈýÎ¬\mksRobin_Nano_code\EWARM\mksRobin2/Obj\
#        --no_unroll --no_inline --no_tbaa --no_scheduling --debug
#        --endian=little --cpu=Cortex-M3 -e --char_is_signed --fpu=None
#        --dlib_config "C:\Program Files (x86)\IAR Systems\Embedded Workbench
#        7.0\arm\INC\c\DLib_Config_Full.h" -I
#        E:\code\Robin_Nano_SVN\branches\robin_nano_tft35_¼ÎºÌÈýÎ¬\mksRobin_Nano_code\EWARM/../Inc\
#        -I
#        E:\code\Robin_Nano_SVN\branches\robin_nano_tft35_¼ÎºÌÈýÎ¬\mksRobin_Nano_code\EWARM/../Src\
#        -I
#        E:\code\Robin_Nano_SVN\branches\robin_nano_tft35_¼ÎºÌÈýÎ¬\mksRobin_Nano_code\EWARM/../Drivers/STM32F1xx_HAL_Driver/Inc\
#        -I
#        E:\code\Robin_Nano_SVN\branches\robin_nano_tft35_¼ÎºÌÈýÎ¬\mksRobin_Nano_code\EWARM/../Drivers/STM32F1xx_HAL_Driver/Inc/Legacy\
#        -I
#        E:\code\Robin_Nano_SVN\branches\robin_nano_tft35_¼ÎºÌÈýÎ¬\mksRobin_Nano_code\EWARM/../Middlewares/Third_Party/FatFs/src/drivers\
#        -I
#        E:\code\Robin_Nano_SVN\branches\robin_nano_tft35_¼ÎºÌÈýÎ¬\mksRobin_Nano_code\EWARM/../Middlewares/ST/STM32_USB_Host_Library/Core/Inc\
#        -I
#        E:\code\Robin_Nano_SVN\branches\robin_nano_tft35_¼ÎºÌÈýÎ¬\mksRobin_Nano_code\EWARM/../Middlewares/ST/STM32_USB_Host_Library/Class/MSC/Inc\
#        -I
#        E:\code\Robin_Nano_SVN\branches\robin_nano_tft35_¼ÎºÌÈýÎ¬\mksRobin_Nano_code\EWARM/../Drivers/CMSIS/Device/ST/STM32F1xx/Include\
#        -I
#        E:\code\Robin_Nano_SVN\branches\robin_nano_tft35_¼ÎºÌÈýÎ¬\mksRobin_Nano_code\EWARM/../Middlewares/Third_Party/FatFs/src\
#        -I
#        E:\code\Robin_Nano_SVN\branches\robin_nano_tft35_¼ÎºÌÈýÎ¬\mksRobin_Nano_code\EWARM/../Middlewares/Third_Party/Marlin\
#        -I
#        E:\code\Robin_Nano_SVN\branches\robin_nano_tft35_¼ÎºÌÈýÎ¬\mksRobin_Nano_code\EWARM/../Drivers/CMSIS/Include\
#        -I
#        E:\code\Robin_Nano_SVN\branches\robin_nano_tft35_¼ÎºÌÈýÎ¬\mksRobin_Nano_code\EWARM/../Drivers/BSP/variant\
#        -I
#        E:\code\Robin_Nano_SVN\branches\robin_nano_tft35_¼ÎºÌÈýÎ¬\mksRobin_Nano_code\EWARM/../Drivers/BSP/Components/at24cxx\
#        -I
#        E:\code\Robin_Nano_SVN\branches\robin_nano_tft35_¼ÎºÌÈýÎ¬\mksRobin_Nano_code\EWARM/../Drivers/BSP/Components/w25qxx\
#        -I
#        E:\code\Robin_Nano_SVN\branches\robin_nano_tft35_¼ÎºÌÈýÎ¬\mksRobin_Nano_code\EWARM/../Drivers/BSP/Components/lcd\
#        -I
#        E:\code\Robin_Nano_SVN\branches\robin_nano_tft35_¼ÎºÌÈýÎ¬\mksRobin_Nano_code\EWARM/../Drivers/STM32F10x_StdPeriph_Driver/inc\
#        -I
#        E:\code\Robin_Nano_SVN\branches\robin_nano_tft35_¼ÎºÌÈýÎ¬\mksRobin_Nano_code\EWARM/../Drivers/libstmf4/include\
#        -I
#        E:\code\Robin_Nano_SVN\branches\robin_nano_tft35_¼ÎºÌÈýÎ¬\mksRobin_Nano_code\EWARM/../Middlewares/arduino/stm32/cores/arduino\
#        -I
#        E:\code\Robin_Nano_SVN\branches\robin_nano_tft35_¼ÎºÌÈýÎ¬\mksRobin_Nano_code\EWARM/../Middlewares/Ucgui\
#        -I
#        E:\code\Robin_Nano_SVN\branches\robin_nano_tft35_¼ÎºÌÈýÎ¬\mksRobin_Nano_code\EWARM/../Middlewares/Ucgui/GUI/ConvertColor\
#        -I
#        E:\code\Robin_Nano_SVN\branches\robin_nano_tft35_¼ÎºÌÈýÎ¬\mksRobin_Nano_code\EWARM/../Middlewares/Ucgui/GUI/ConvertMono\
#        -I
#        E:\code\Robin_Nano_SVN\branches\robin_nano_tft35_¼ÎºÌÈýÎ¬\mksRobin_Nano_code\EWARM/../Middlewares/Ucgui/GUI/Core\
#        -I
#        E:\code\Robin_Nano_SVN\branches\robin_nano_tft35_¼ÎºÌÈýÎ¬\mksRobin_Nano_code\EWARM/../Middlewares/Ucgui/GUI/Font\
#        -I
#        E:\code\Robin_Nano_SVN\branches\robin_nano_tft35_¼ÎºÌÈýÎ¬\mksRobin_Nano_code\EWARM/../Middlewares/Ucgui/AntiAlias\
#        -I
#        E:\code\Robin_Nano_SVN\branches\robin_nano_tft35_¼ÎºÌÈýÎ¬\mksRobin_Nano_code\EWARM/../Middlewares/Ucgui/GUI/GUIDemo\
#        -I
#        E:\code\Robin_Nano_SVN\branches\robin_nano_tft35_¼ÎºÌÈýÎ¬\mksRobin_Nano_code\EWARM/../Middlewares/Ucgui/GUI/LCDDriver\
#        -I
#        E:\code\Robin_Nano_SVN\branches\robin_nano_tft35_¼ÎºÌÈýÎ¬\mksRobin_Nano_code\EWARM/../Middlewares/Ucgui/GUI/MemDev\
#        -I
#        E:\code\Robin_Nano_SVN\branches\robin_nano_tft35_¼ÎºÌÈýÎ¬\mksRobin_Nano_code\EWARM/../Middlewares/Ucgui/GUI/MultiLayer\
#        -I
#        E:\code\Robin_Nano_SVN\branches\robin_nano_tft35_¼ÎºÌÈýÎ¬\mksRobin_Nano_code\EWARM/../Middlewares/Ucgui/GUI/Widget\
#        -I
#        E:\code\Robin_Nano_SVN\branches\robin_nano_tft35_¼ÎºÌÈýÎ¬\mksRobin_Nano_code\EWARM/../Middlewares/Ucgui/GUI/WM\
#        -I
#        E:\code\Robin_Nano_SVN\branches\robin_nano_tft35_¼ÎºÌÈýÎ¬\mksRobin_Nano_code\EWARM/../Middlewares/Ucgui/GUI_X\
#        -I
#        E:\code\Robin_Nano_SVN\branches\robin_nano_tft35_¼ÎºÌÈýÎ¬\mksRobin_Nano_code\EWARM/../Middlewares/Ucgui/Config\
#        -I
#        E:\code\Robin_Nano_SVN\branches\robin_nano_tft35_¼ÎºÌÈýÎ¬\mksRobin_Nano_code\EWARM/../User/ui\
#        -I
#        E:\code\Robin_Nano_SVN\branches\robin_nano_tft35_¼ÎºÌÈýÎ¬\mksRobin_Nano_code\EWARM/../User/ui/Multi_language\
#        -I
#        E:\code\Robin_Nano_SVN\branches\robin_nano_tft35_¼ÎºÌÈýÎ¬\mksRobin_Nano_code\EWARM/../User/ui/QRENCODE\
#        -Om --use_c++_inline -I "C:\Program Files (x86)\IAR Systems\Embedded
#        Workbench 7.0\arm\CMSIS\Include\"
#    List file    =  
#        E:\code\Robin_Nano_SVN\branches\robin_nano_tft35_¼ÎºÌÈýÎ¬\mksRobin_Nano_code\EWARM\mksRobin2/List\GUI_GetColor.lst
#    Object file  =  
#        E:\code\Robin_Nano_SVN\branches\robin_nano_tft35_¼ÎºÌÈýÎ¬\mksRobin_Nano_code\EWARM\mksRobin2/Obj\GUI_GetColor.o
#
###############################################################################

E:\code\Robin_Nano_SVN\branches\robin_nano_tft35_¼ÎºÌÈýÎ¬\mksRobin_Nano_code\Middlewares\Ucgui\GUI\Core\GUI_GetColor.c
      1          /*
      2          *********************************************************************************************************
      3          *                                                uC/GUI
      4          *                        Universal graphic software for embedded applications
      5          *
      6          *                       (c) Copyright 2002, Micrium Inc., Weston, FL
      7          *                       (c) Copyright 2002, SEGGER Microcontroller Systeme GmbH
      8          *
      9          *              µC/GUI is protected by international copyright laws. Knowledge of the
     10          *              source code may not be used to write a similar product. This file may
     11          *              only be used in accordance with a license and should not be redistributed
     12          *              in any way. We appreciate your understanding and fairness.
     13          *
     14          ----------------------------------------------------------------------
     15          File        : GUI_GetColor.C
     16          Purpose     : Implementation of different GUI_GetColor routines
     17          ---------------------------END-OF-HEADER------------------------------
     18          */
     19          
     20          #include "GUI_Protected.h"
     21          
     22          /*********************************************************************
     23          *
     24          *       Public code
     25          *
     26          **********************************************************************
     27          */
     28          /*********************************************************************
     29          *
     30          *       GUI_GetBkColorIndex
     31          */

   \                                 In section .text, align 2, keep-with-next
     32          int GUI_GetBkColorIndex(void) {
     33            int r;
     34            GUI_LOCK();
     35            r = LCD_GetBkColorIndex();
     36            GUI_UNLOCK();
     37            return r;
   \                     GUI_GetBkColorIndex: (+1)
   \   00000000   0x.... 0x....      B.W      LCD_GetBkColorIndex
     38          }
     39          
     40          /*********************************************************************
     41          *
     42          *       GUI_GetBkColor
     43          */

   \                                 In section .text, align 2, keep-with-next
     44          GUI_COLOR GUI_GetBkColor(void) {
   \                     GUI_GetBkColor: (+1)
   \   00000000   0xB580             PUSH     {R7,LR}
     45            GUI_COLOR r;
     46            GUI_LOCK();
     47            r = LCD_Index2Color(LCD_GetBkColorIndex());
     48            GUI_UNLOCK();
     49            return r;
   \   00000002   0x.... 0x....      BL       LCD_GetBkColorIndex
   \   00000006   0xE8BD 0x4002      POP      {R1,LR}
   \   0000000A   0x.... 0x....      B.W      LCD_Index2Color
     50          }
     51          
     52          /*********************************************************************
     53          *
     54          *       GUI_GetColorIndex
     55          */

   \                                 In section .text, align 2, keep-with-next
     56          int GUI_GetColorIndex(void) {
     57            int r;
     58            GUI_LOCK();
     59            r = LCD_GetColorIndex();
     60            GUI_UNLOCK();
     61            return r;
   \                     GUI_GetColorIndex: (+1)
   \   00000000   0x.... 0x....      B.W      LCD_GetColorIndex
     62          }
     63          
     64          /*********************************************************************
     65          *
     66          *       GUI_GetColor
     67          */

   \                                 In section .text, align 2, keep-with-next
     68          GUI_COLOR GUI_GetColor(void) {
   \                     GUI_GetColor: (+1)
   \   00000000   0xB580             PUSH     {R7,LR}
     69            GUI_COLOR r;
     70            GUI_LOCK();
     71            r = LCD_Index2Color(LCD_GetColorIndex());
     72            GUI_UNLOCK();
     73            return r;
   \   00000002   0x.... 0x....      BL       LCD_GetColorIndex
   \   00000006   0xE8BD 0x4002      POP      {R1,LR}
   \   0000000A   0x.... 0x....      B.W      LCD_Index2Color
     74          }
     75          
     76          /*************************** End of file ****************************/

   Maximum stack usage in bytes:

   .cstack Function
   ------- --------
       8   GUI_GetBkColor
         8   -> LCD_GetBkColorIndex
         0   -> LCD_Index2Color
       0   GUI_GetBkColorIndex
         0   -> LCD_GetBkColorIndex
       8   GUI_GetColor
         8   -> LCD_GetColorIndex
         0   -> LCD_Index2Color
       0   GUI_GetColorIndex
         0   -> LCD_GetColorIndex


   Section sizes:

   Bytes  Function/Label
   -----  --------------
      14  GUI_GetBkColor
       4  GUI_GetBkColorIndex
      14  GUI_GetColor
       4  GUI_GetColorIndex

 
 36 bytes in section .text
 
 36 bytes of CODE memory

Errors: none
Warnings: none
