###############################################################################
#
# IAR ANSI C/C++ Compiler V7.10.1.6676/W32 for ARM        25/Feb/2020  17:00:43
# Copyright 1999-2014 IAR Systems AB.
#
#    Cpu mode     =  thumb
#    Endian       =  little
#    Source file  =  
#        E:\code\Robin_Nano_SVN\branches\robin_nano_tft35_¼ÎºÌÈıÎ¬\mksRobin_Nano_code\Middlewares\Ucgui\GUI\ConvertColor\LCDP233.c
#    Command line =  
#        E:\code\Robin_Nano_SVN\branches\robin_nano_tft35_¼ÎºÌÈıÎ¬\mksRobin_Nano_code\Middlewares\Ucgui\GUI\ConvertColor\LCDP233.c
#        -D USE_HAL_DRIVER -D STM32F103xE -D STM32F10X_HD -D USE_HAL_LIB -D
#        MKS_ROBIN_NANO -D TFT35 -lC
#        E:\code\Robin_Nano_SVN\branches\robin_nano_tft35_¼ÎºÌÈıÎ¬\mksRobin_Nano_code\EWARM\mksRobin2/List\
#        -lA
#        E:\code\Robin_Nano_SVN\branches\robin_nano_tft35_¼ÎºÌÈıÎ¬\mksRobin_Nano_code\EWARM\mksRobin2/List\
#        --diag_suppress Pa050 -o
#        E:\code\Robin_Nano_SVN\branches\robin_nano_tft35_¼ÎºÌÈıÎ¬\mksRobin_Nano_code\EWARM\mksRobin2/Obj\
#        --no_unroll --no_inline --no_tbaa --no_scheduling --debug
#        --endian=little --cpu=Cortex-M3 -e --char_is_signed --fpu=None
#        --dlib_config "C:\Program Files (x86)\IAR Systems\Embedded Workbench
#        7.0\arm\INC\c\DLib_Config_Full.h" -I
#        E:\code\Robin_Nano_SVN\branches\robin_nano_tft35_¼ÎºÌÈıÎ¬\mksRobin_Nano_code\EWARM/../Inc\
#        -I
#        E:\code\Robin_Nano_SVN\branches\robin_nano_tft35_¼ÎºÌÈıÎ¬\mksRobin_Nano_code\EWARM/../Src\
#        -I
#        E:\code\Robin_Nano_SVN\branches\robin_nano_tft35_¼ÎºÌÈıÎ¬\mksRobin_Nano_code\EWARM/../Drivers/STM32F1xx_HAL_Driver/Inc\
#        -I
#        E:\code\Robin_Nano_SVN\branches\robin_nano_tft35_¼ÎºÌÈıÎ¬\mksRobin_Nano_code\EWARM/../Drivers/STM32F1xx_HAL_Driver/Inc/Legacy\
#        -I
#        E:\code\Robin_Nano_SVN\branches\robin_nano_tft35_¼ÎºÌÈıÎ¬\mksRobin_Nano_code\EWARM/../Middlewares/Third_Party/FatFs/src/drivers\
#        -I
#        E:\code\Robin_Nano_SVN\branches\robin_nano_tft35_¼ÎºÌÈıÎ¬\mksRobin_Nano_code\EWARM/../Middlewares/ST/STM32_USB_Host_Library/Core/Inc\
#        -I
#        E:\code\Robin_Nano_SVN\branches\robin_nano_tft35_¼ÎºÌÈıÎ¬\mksRobin_Nano_code\EWARM/../Middlewares/ST/STM32_USB_Host_Library/Class/MSC/Inc\
#        -I
#        E:\code\Robin_Nano_SVN\branches\robin_nano_tft35_¼ÎºÌÈıÎ¬\mksRobin_Nano_code\EWARM/../Drivers/CMSIS/Device/ST/STM32F1xx/Include\
#        -I
#        E:\code\Robin_Nano_SVN\branches\robin_nano_tft35_¼ÎºÌÈıÎ¬\mksRobin_Nano_code\EWARM/../Middlewares/Third_Party/FatFs/src\
#        -I
#        E:\code\Robin_Nano_SVN\branches\robin_nano_tft35_¼ÎºÌÈıÎ¬\mksRobin_Nano_code\EWARM/../Middlewares/Third_Party/Marlin\
#        -I
#        E:\code\Robin_Nano_SVN\branches\robin_nano_tft35_¼ÎºÌÈıÎ¬\mksRobin_Nano_code\EWARM/../Drivers/CMSIS/Include\
#        -I
#        E:\code\Robin_Nano_SVN\branches\robin_nano_tft35_¼ÎºÌÈıÎ¬\mksRobin_Nano_code\EWARM/../Drivers/BSP/variant\
#        -I
#        E:\code\Robin_Nano_SVN\branches\robin_nano_tft35_¼ÎºÌÈıÎ¬\mksRobin_Nano_code\EWARM/../Drivers/BSP/Components/at24cxx\
#        -I
#        E:\code\Robin_Nano_SVN\branches\robin_nano_tft35_¼ÎºÌÈıÎ¬\mksRobin_Nano_code\EWARM/../Drivers/BSP/Components/w25qxx\
#        -I
#        E:\code\Robin_Nano_SVN\branches\robin_nano_tft35_¼ÎºÌÈıÎ¬\mksRobin_Nano_code\EWARM/../Drivers/BSP/Components/lcd\
#        -I
#        E:\code\Robin_Nano_SVN\branches\robin_nano_tft35_¼ÎºÌÈıÎ¬\mksRobin_Nano_code\EWARM/../Drivers/STM32F10x_StdPeriph_Driver/inc\
#        -I
#        E:\code\Robin_Nano_SVN\branches\robin_nano_tft35_¼ÎºÌÈıÎ¬\mksRobin_Nano_code\EWARM/../Drivers/libstmf4/include\
#        -I
#        E:\code\Robin_Nano_SVN\branches\robin_nano_tft35_¼ÎºÌÈıÎ¬\mksRobin_Nano_code\EWARM/../Middlewares/arduino/stm32/cores/arduino\
#        -I
#        E:\code\Robin_Nano_SVN\branches\robin_nano_tft35_¼ÎºÌÈıÎ¬\mksRobin_Nano_code\EWARM/../Middlewares/Ucgui\
#        -I
#        E:\code\Robin_Nano_SVN\branches\robin_nano_tft35_¼ÎºÌÈıÎ¬\mksRobin_Nano_code\EWARM/../Middlewares/Ucgui/GUI/ConvertColor\
#        -I
#        E:\code\Robin_Nano_SVN\branches\robin_nano_tft35_¼ÎºÌÈıÎ¬\mksRobin_Nano_code\EWARM/../Middlewares/Ucgui/GUI/ConvertMono\
#        -I
#        E:\code\Robin_Nano_SVN\branches\robin_nano_tft35_¼ÎºÌÈıÎ¬\mksRobin_Nano_code\EWARM/../Middlewares/Ucgui/GUI/Core\
#        -I
#        E:\code\Robin_Nano_SVN\branches\robin_nano_tft35_¼ÎºÌÈıÎ¬\mksRobin_Nano_code\EWARM/../Middlewares/Ucgui/GUI/Font\
#        -I
#        E:\code\Robin_Nano_SVN\branches\robin_nano_tft35_¼ÎºÌÈıÎ¬\mksRobin_Nano_code\EWARM/../Middlewares/Ucgui/AntiAlias\
#        -I
#        E:\code\Robin_Nano_SVN\branches\robin_nano_tft35_¼ÎºÌÈıÎ¬\mksRobin_Nano_code\EWARM/../Middlewares/Ucgui/GUI/GUIDemo\
#        -I
#        E:\code\Robin_Nano_SVN\branches\robin_nano_tft35_¼ÎºÌÈıÎ¬\mksRobin_Nano_code\EWARM/../Middlewares/Ucgui/GUI/LCDDriver\
#        -I
#        E:\code\Robin_Nano_SVN\branches\robin_nano_tft35_¼ÎºÌÈıÎ¬\mksRobin_Nano_code\EWARM/../Middlewares/Ucgui/GUI/MemDev\
#        -I
#        E:\code\Robin_Nano_SVN\branches\robin_nano_tft35_¼ÎºÌÈıÎ¬\mksRobin_Nano_code\EWARM/../Middlewares/Ucgui/GUI/MultiLayer\
#        -I
#        E:\code\Robin_Nano_SVN\branches\robin_nano_tft35_¼ÎºÌÈıÎ¬\mksRobin_Nano_code\EWARM/../Middlewares/Ucgui/GUI/Widget\
#        -I
#        E:\code\Robin_Nano_SVN\branches\robin_nano_tft35_¼ÎºÌÈıÎ¬\mksRobin_Nano_code\EWARM/../Middlewares/Ucgui/GUI/WM\
#        -I
#        E:\code\Robin_Nano_SVN\branches\robin_nano_tft35_¼ÎºÌÈıÎ¬\mksRobin_Nano_code\EWARM/../Middlewares/Ucgui/GUI_X\
#        -I
#        E:\code\Robin_Nano_SVN\branches\robin_nano_tft35_¼ÎºÌÈıÎ¬\mksRobin_Nano_code\EWARM/../Middlewares/Ucgui/Config\
#        -I
#        E:\code\Robin_Nano_SVN\branches\robin_nano_tft35_¼ÎºÌÈıÎ¬\mksRobin_Nano_code\EWARM/../User/ui\
#        -I
#        E:\code\Robin_Nano_SVN\branches\robin_nano_tft35_¼ÎºÌÈıÎ¬\mksRobin_Nano_code\EWARM/../User/ui/Multi_language\
#        -I
#        E:\code\Robin_Nano_SVN\branches\robin_nano_tft35_¼ÎºÌÈıÎ¬\mksRobin_Nano_code\EWARM/../User/ui/QRENCODE\
#        -Om --use_c++_inline -I "C:\Program Files (x86)\IAR Systems\Embedded
#        Workbench 7.0\arm\CMSIS\Include\"
#    List file    =  
#        E:\code\Robin_Nano_SVN\branches\robin_nano_tft35_¼ÎºÌÈıÎ¬\mksRobin_Nano_code\EWARM\mksRobin2/List\LCDP233.lst
#    Object file  =  
#        E:\code\Robin_Nano_SVN\branches\robin_nano_tft35_¼ÎºÌÈıÎ¬\mksRobin_Nano_code\EWARM\mksRobin2/Obj\LCDP233.o
#
###############################################################################

E:\code\Robin_Nano_SVN\branches\robin_nano_tft35_¼ÎºÌÈıÎ¬\mksRobin_Nano_code\Middlewares\Ucgui\GUI\ConvertColor\LCDP233.c
      1          /*
      2          *********************************************************************************************************
      3          *                                                uC/GUI
      4          *                        Universal graphic software for embedded applications
      5          *
      6          *                       (c) Copyright 2002, Micrium Inc., Weston, FL
      7          *                       (c) Copyright 2002, SEGGER Microcontroller Systeme GmbH
      8          *
      9          *              µC/GUI is protected by international copyright laws. Knowledge of the
     10          *              source code may not be used to write a similar product. This file may
     11          *              only be used in accordance with a license and should not be redistributed
     12          *              in any way. We appreciate your understanding and fairness.
     13          *
     14          ----------------------------------------------------------------------
     15          File        : LCDP233.C
     16          Purpose     : Color conversion routines for 233 mode
     17          ---------------------------END-OF-HEADER------------------------------
     18          */
     19          
     20          #include "LCD_Protected.h"    /* inter modul definitions */
     21          
     22          /*********************************************************************
     23          *
     24          *       Public code,
     25          *
     26          *       LCD_FIXEDPALETTE == 233, 256 colors, BBGGGRRR
     27          *
     28          **********************************************************************
     29          */
     30          /*********************************************************************
     31          *
     32          *       LCD_Color2Index_233
     33          */

   \                                 In section .text, align 2, keep-with-next
     34          unsigned LCD_Color2Index_233(LCD_COLOR Color) {
     35            int r, g, b;
     36            r = Color & 255;
     37            g = (Color >> 8 ) & 255;
     38            b = Color >> 16;
     39            r = (r * 7 + 127) / 255;
     40            g = (g * 7 + 127) / 255;
     41            b = (b + 42) / 85;
     42            return r + (g << 3) + (b << 6);
   \                     LCD_Color2Index_233: (+1)
   \   00000000   0xB2C1             UXTB     R1,R0
   \   00000002   0xEBC1 0x01C1      RSB      R1,R1,R1, LSL #+3
   \   00000006   0x317F             ADDS     R1,R1,#+127
   \   00000008   0x22FF             MOVS     R2,#+255
   \   0000000A   0xFB91 0xF1F2      SDIV     R1,R1,R2
   \   0000000E   0xF3C0 0x2207      UBFX     R2,R0,#+8,#+8
   \   00000012   0xEBC2 0x02C2      RSB      R2,R2,R2, LSL #+3
   \   00000016   0x327F             ADDS     R2,R2,#+127
   \   00000018   0x23FF             MOVS     R3,#+255
   \   0000001A   0xFB92 0xF2F3      SDIV     R2,R2,R3
   \   0000001E   0xEB01 0x01C2      ADD      R1,R1,R2, LSL #+3
   \   00000022   0x0C00             LSRS     R0,R0,#+16
   \   00000024   0x302A             ADDS     R0,R0,#+42
   \   00000026   0x2255             MOVS     R2,#+85
   \   00000028   0xFB90 0xF0F2      SDIV     R0,R0,R2
   \   0000002C   0xEB01 0x1080      ADD      R0,R1,R0, LSL #+6
   \   00000030   0x4770             BX       LR               ;; return
     43          }
     44          
     45          /*********************************************************************
     46          *
     47          *       LCD_Index2Color_233
     48          */

   \                                 In section .text, align 2, keep-with-next
     49          LCD_COLOR LCD_Index2Color_233(int Index) {
     50            int r, g, b;
     51            r = (Index & 7) * 255 / 7;
     52            g = ((Index >> 3) & 7) * 255 / 7;
     53            b = ((Index >> 6) & 3) * 85;
     54            return r + (g << 8) + (((U32)b) << 16);
   \                     LCD_Index2Color_233: (+1)
   \   00000000   0xF000 0x0107      AND      R1,R0,#0x7
   \   00000004   0xEBC1 0x2101      RSB      R1,R1,R1, LSL #+8
   \   00000008   0x2207             MOVS     R2,#+7
   \   0000000A   0xFB91 0xF1F2      SDIV     R1,R1,R2
   \   0000000E   0xF3C0 0x02C2      UBFX     R2,R0,#+3,#+3
   \   00000012   0xEBC2 0x2202      RSB      R2,R2,R2, LSL #+8
   \   00000016   0x2307             MOVS     R3,#+7
   \   00000018   0xFB92 0xF2F3      SDIV     R2,R2,R3
   \   0000001C   0xEB01 0x2102      ADD      R1,R1,R2, LSL #+8
   \   00000020   0xF3C0 0x1081      UBFX     R0,R0,#+6,#+2
   \   00000024   0x2255             MOVS     R2,#+85
   \   00000026   0x4350             MULS     R0,R2,R0
   \   00000028   0xEB01 0x4000      ADD      R0,R1,R0, LSL #+16
   \   0000002C   0x4770             BX       LR               ;; return
     55          }
     56          
     57          /*********************************************************************
     58          *
     59          *       LCD_GetIndexMask_233
     60          */

   \                                 In section .text, align 2, keep-with-next
     61          unsigned LCD_GetIndexMask_233(void) {
     62            return 0xff;
   \                     LCD_GetIndexMask_233: (+1)
   \   00000000   0x20FF             MOVS     R0,#+255
   \   00000002   0x4770             BX       LR               ;; return
     63          }
     64          
     65          /*************************** End of file ****************************/

   Maximum stack usage in bytes:

   .cstack Function
   ------- --------
       0   LCD_Color2Index_233
       0   LCD_GetIndexMask_233
       0   LCD_Index2Color_233


   Section sizes:

   Bytes  Function/Label
   -----  --------------
      50  LCD_Color2Index_233
       4  LCD_GetIndexMask_233
      46  LCD_Index2Color_233

 
 100 bytes in section .text
 
 100 bytes of CODE memory

Errors: none
Warnings: none
