###############################################################################
#
# IAR ANSI C/C++ Compiler V7.10.1.6676/W32 for ARM        25/Feb/2020  17:00:58
# Copyright 1999-2014 IAR Systems AB.
#
#    Cpu mode     =  thumb
#    Endian       =  little
#    Source file  =  
#        E:\code\Robin_Nano_SVN\branches\robin_nano_tft35_¼ÎºÌÈýÎ¬\mksRobin_Nano_code\Middlewares\Ucgui\GUI\Widget\MENU_Attach.c
#    Command line =  
#        E:\code\Robin_Nano_SVN\branches\robin_nano_tft35_¼ÎºÌÈýÎ¬\mksRobin_Nano_code\Middlewares\Ucgui\GUI\Widget\MENU_Attach.c
#        -D USE_HAL_DRIVER -D STM32F103xE -D STM32F10X_HD -D USE_HAL_LIB -D
#        MKS_ROBIN_NANO -D TFT35 -lC
#        E:\code\Robin_Nano_SVN\branches\robin_nano_tft35_¼ÎºÌÈýÎ¬\mksRobin_Nano_code\EWARM\mksRobin2/List\
#        -lA
#        E:\code\Robin_Nano_SVN\branches\robin_nano_tft35_¼ÎºÌÈýÎ¬\mksRobin_Nano_code\EWARM\mksRobin2/List\
#        --diag_suppress Pa050 -o
#        E:\code\Robin_Nano_SVN\branches\robin_nano_tft35_¼ÎºÌÈýÎ¬\mksRobin_Nano_code\EWARM\mksRobin2/Obj\
#        --no_unroll --no_inline --no_tbaa --no_scheduling --debug
#        --endian=little --cpu=Cortex-M3 -e --char_is_signed --fpu=None
#        --dlib_config "C:\Program Files (x86)\IAR Systems\Embedded Workbench
#        7.0\arm\INC\c\DLib_Config_Full.h" -I
#        E:\code\Robin_Nano_SVN\branches\robin_nano_tft35_¼ÎºÌÈýÎ¬\mksRobin_Nano_code\EWARM/../Inc\
#        -I
#        E:\code\Robin_Nano_SVN\branches\robin_nano_tft35_¼ÎºÌÈýÎ¬\mksRobin_Nano_code\EWARM/../Src\
#        -I
#        E:\code\Robin_Nano_SVN\branches\robin_nano_tft35_¼ÎºÌÈýÎ¬\mksRobin_Nano_code\EWARM/../Drivers/STM32F1xx_HAL_Driver/Inc\
#        -I
#        E:\code\Robin_Nano_SVN\branches\robin_nano_tft35_¼ÎºÌÈýÎ¬\mksRobin_Nano_code\EWARM/../Drivers/STM32F1xx_HAL_Driver/Inc/Legacy\
#        -I
#        E:\code\Robin_Nano_SVN\branches\robin_nano_tft35_¼ÎºÌÈýÎ¬\mksRobin_Nano_code\EWARM/../Middlewares/Third_Party/FatFs/src/drivers\
#        -I
#        E:\code\Robin_Nano_SVN\branches\robin_nano_tft35_¼ÎºÌÈýÎ¬\mksRobin_Nano_code\EWARM/../Middlewares/ST/STM32_USB_Host_Library/Core/Inc\
#        -I
#        E:\code\Robin_Nano_SVN\branches\robin_nano_tft35_¼ÎºÌÈýÎ¬\mksRobin_Nano_code\EWARM/../Middlewares/ST/STM32_USB_Host_Library/Class/MSC/Inc\
#        -I
#        E:\code\Robin_Nano_SVN\branches\robin_nano_tft35_¼ÎºÌÈýÎ¬\mksRobin_Nano_code\EWARM/../Drivers/CMSIS/Device/ST/STM32F1xx/Include\
#        -I
#        E:\code\Robin_Nano_SVN\branches\robin_nano_tft35_¼ÎºÌÈýÎ¬\mksRobin_Nano_code\EWARM/../Middlewares/Third_Party/FatFs/src\
#        -I
#        E:\code\Robin_Nano_SVN\branches\robin_nano_tft35_¼ÎºÌÈýÎ¬\mksRobin_Nano_code\EWARM/../Middlewares/Third_Party/Marlin\
#        -I
#        E:\code\Robin_Nano_SVN\branches\robin_nano_tft35_¼ÎºÌÈýÎ¬\mksRobin_Nano_code\EWARM/../Drivers/CMSIS/Include\
#        -I
#        E:\code\Robin_Nano_SVN\branches\robin_nano_tft35_¼ÎºÌÈýÎ¬\mksRobin_Nano_code\EWARM/../Drivers/BSP/variant\
#        -I
#        E:\code\Robin_Nano_SVN\branches\robin_nano_tft35_¼ÎºÌÈýÎ¬\mksRobin_Nano_code\EWARM/../Drivers/BSP/Components/at24cxx\
#        -I
#        E:\code\Robin_Nano_SVN\branches\robin_nano_tft35_¼ÎºÌÈýÎ¬\mksRobin_Nano_code\EWARM/../Drivers/BSP/Components/w25qxx\
#        -I
#        E:\code\Robin_Nano_SVN\branches\robin_nano_tft35_¼ÎºÌÈýÎ¬\mksRobin_Nano_code\EWARM/../Drivers/BSP/Components/lcd\
#        -I
#        E:\code\Robin_Nano_SVN\branches\robin_nano_tft35_¼ÎºÌÈýÎ¬\mksRobin_Nano_code\EWARM/../Drivers/STM32F10x_StdPeriph_Driver/inc\
#        -I
#        E:\code\Robin_Nano_SVN\branches\robin_nano_tft35_¼ÎºÌÈýÎ¬\mksRobin_Nano_code\EWARM/../Drivers/libstmf4/include\
#        -I
#        E:\code\Robin_Nano_SVN\branches\robin_nano_tft35_¼ÎºÌÈýÎ¬\mksRobin_Nano_code\EWARM/../Middlewares/arduino/stm32/cores/arduino\
#        -I
#        E:\code\Robin_Nano_SVN\branches\robin_nano_tft35_¼ÎºÌÈýÎ¬\mksRobin_Nano_code\EWARM/../Middlewares/Ucgui\
#        -I
#        E:\code\Robin_Nano_SVN\branches\robin_nano_tft35_¼ÎºÌÈýÎ¬\mksRobin_Nano_code\EWARM/../Middlewares/Ucgui/GUI/ConvertColor\
#        -I
#        E:\code\Robin_Nano_SVN\branches\robin_nano_tft35_¼ÎºÌÈýÎ¬\mksRobin_Nano_code\EWARM/../Middlewares/Ucgui/GUI/ConvertMono\
#        -I
#        E:\code\Robin_Nano_SVN\branches\robin_nano_tft35_¼ÎºÌÈýÎ¬\mksRobin_Nano_code\EWARM/../Middlewares/Ucgui/GUI/Core\
#        -I
#        E:\code\Robin_Nano_SVN\branches\robin_nano_tft35_¼ÎºÌÈýÎ¬\mksRobin_Nano_code\EWARM/../Middlewares/Ucgui/GUI/Font\
#        -I
#        E:\code\Robin_Nano_SVN\branches\robin_nano_tft35_¼ÎºÌÈýÎ¬\mksRobin_Nano_code\EWARM/../Middlewares/Ucgui/AntiAlias\
#        -I
#        E:\code\Robin_Nano_SVN\branches\robin_nano_tft35_¼ÎºÌÈýÎ¬\mksRobin_Nano_code\EWARM/../Middlewares/Ucgui/GUI/GUIDemo\
#        -I
#        E:\code\Robin_Nano_SVN\branches\robin_nano_tft35_¼ÎºÌÈýÎ¬\mksRobin_Nano_code\EWARM/../Middlewares/Ucgui/GUI/LCDDriver\
#        -I
#        E:\code\Robin_Nano_SVN\branches\robin_nano_tft35_¼ÎºÌÈýÎ¬\mksRobin_Nano_code\EWARM/../Middlewares/Ucgui/GUI/MemDev\
#        -I
#        E:\code\Robin_Nano_SVN\branches\robin_nano_tft35_¼ÎºÌÈýÎ¬\mksRobin_Nano_code\EWARM/../Middlewares/Ucgui/GUI/MultiLayer\
#        -I
#        E:\code\Robin_Nano_SVN\branches\robin_nano_tft35_¼ÎºÌÈýÎ¬\mksRobin_Nano_code\EWARM/../Middlewares/Ucgui/GUI/Widget\
#        -I
#        E:\code\Robin_Nano_SVN\branches\robin_nano_tft35_¼ÎºÌÈýÎ¬\mksRobin_Nano_code\EWARM/../Middlewares/Ucgui/GUI/WM\
#        -I
#        E:\code\Robin_Nano_SVN\branches\robin_nano_tft35_¼ÎºÌÈýÎ¬\mksRobin_Nano_code\EWARM/../Middlewares/Ucgui/GUI_X\
#        -I
#        E:\code\Robin_Nano_SVN\branches\robin_nano_tft35_¼ÎºÌÈýÎ¬\mksRobin_Nano_code\EWARM/../Middlewares/Ucgui/Config\
#        -I
#        E:\code\Robin_Nano_SVN\branches\robin_nano_tft35_¼ÎºÌÈýÎ¬\mksRobin_Nano_code\EWARM/../User/ui\
#        -I
#        E:\code\Robin_Nano_SVN\branches\robin_nano_tft35_¼ÎºÌÈýÎ¬\mksRobin_Nano_code\EWARM/../User/ui/Multi_language\
#        -I
#        E:\code\Robin_Nano_SVN\branches\robin_nano_tft35_¼ÎºÌÈýÎ¬\mksRobin_Nano_code\EWARM/../User/ui/QRENCODE\
#        -Om --use_c++_inline -I "C:\Program Files (x86)\IAR Systems\Embedded
#        Workbench 7.0\arm\CMSIS\Include\"
#    List file    =  
#        E:\code\Robin_Nano_SVN\branches\robin_nano_tft35_¼ÎºÌÈýÎ¬\mksRobin_Nano_code\EWARM\mksRobin2/List\MENU_Attach.lst
#    Object file  =  
#        E:\code\Robin_Nano_SVN\branches\robin_nano_tft35_¼ÎºÌÈýÎ¬\mksRobin_Nano_code\EWARM\mksRobin2/Obj\MENU_Attach.o
#
###############################################################################

E:\code\Robin_Nano_SVN\branches\robin_nano_tft35_¼ÎºÌÈýÎ¬\mksRobin_Nano_code\Middlewares\Ucgui\GUI\Widget\MENU_Attach.c
      1          /*
      2          *********************************************************************************************************
      3          *                                                uC/GUI
      4          *                        Universal graphic software for embedded applications
      5          *
      6          *                       (c) Copyright 2002, Micrium Inc., Weston, FL
      7          *                       (c) Copyright 2002, SEGGER Microcontroller Systeme GmbH
      8          *
      9          *              µC/GUI is protected by international copyright laws. Knowledge of the
     10          *              source code may not be used to write a similar product. This file may
     11          *              only be used in accordance with a license and should not be redistributed
     12          *              in any way. We appreciate your understanding and fairness.
     13          *
     14          ----------------------------------------------------------------------
     15          File        : MENU_Attach.c
     16          Purpose     : Implementation of menu widget
     17          ---------------------------END-OF-HEADER------------------------------
     18          */
     19          
     20          #include "MENU.h"
     21          #include "MENU_Private.h"
     22          
     23          #if GUI_WINSUPPORT
     24          
     25          /*********************************************************************
     26          *
     27          *       Public code
     28          *
     29          **********************************************************************
     30          */
     31          /*********************************************************************
     32          *
     33          *       MENU_Attach
     34          */

   \                                 In section .text, align 2, keep-with-next
     35          void MENU_Attach(MENU_Handle hObj, WM_HWIN hDestWin, int x, int y, int xSize, int ySize, int Flags) {
   \                     MENU_Attach: (+1)
   \   00000000   0xE92D 0x41F0      PUSH     {R4-R8,LR}
   \   00000004   0x4604             MOV      R4,R0
   \   00000006   0x460D             MOV      R5,R1
   \   00000008   0x4616             MOV      R6,R2
   \   0000000A   0x461F             MOV      R7,R3
     36            GUI_USE_PARA(Flags);
     37            if (hObj) {
   \   0000000C   0x2C00             CMP      R4,#+0
   \   0000000E   0xD01D             BEQ.N    ??MENU_Attach_0
     38              MENU_Obj* pObj;
     39              WM_LOCK();
     40              pObj = MENU_H2P(hObj);
   \   00000010   0x.... 0x....      BL       GUI_ALLOC_h2p
   \   00000014   0x4680             MOV      R8,R0
     41              if (pObj) {
   \   00000016   0xF1B8 0x0F00      CMP      R8,#+0
   \   0000001A   0xD017             BEQ.N    ??MENU_Attach_0
   \   0000001C   0x9806             LDR      R0,[SP, #+24]
     42                pObj->Width  = ((xSize > 0) ? xSize : 0);
   \   0000001E   0x2801             CMP      R0,#+1
   \   00000020   0xDA00             BGE.N    ??MENU_Attach_1
   \   00000022   0x2000             MOVS     R0,#+0
   \                     ??MENU_Attach_1: (+1)
   \   00000024   0xF8C8 0x0064      STR      R0,[R8, #+100]
   \   00000028   0x9807             LDR      R0,[SP, #+28]
     43                pObj->Height = ((ySize > 0) ? ySize : 0);
   \   0000002A   0x2801             CMP      R0,#+1
   \   0000002C   0xDA00             BGE.N    ??MENU_Attach_2
   \   0000002E   0x2000             MOVS     R0,#+0
   \                     ??MENU_Attach_2: (+1)
   \   00000030   0xF8C8 0x0068      STR      R0,[R8, #+104]
     44                WM_AttachWindowAt(hObj, hDestWin, x, y);
   \   00000034   0x463B             MOV      R3,R7
   \   00000036   0x4632             MOV      R2,R6
   \   00000038   0x4629             MOV      R1,R5
   \   0000003A   0x4620             MOV      R0,R4
   \   0000003C   0x.... 0x....      BL       WM_AttachWindowAt
     45                MENU__ResizeMenu(hObj, pObj);
   \   00000040   0x4641             MOV      R1,R8
   \   00000042   0x4620             MOV      R0,R4
   \   00000044   0xE8BD 0x41F0      POP      {R4-R8,LR}
   \   00000048   0x.... 0x....      B.W      MENU__ResizeMenu
     46              }
     47              WM_UNLOCK();
     48            }
     49          }
   \                     ??MENU_Attach_0: (+1)
   \   0000004C   0xE8BD 0x81F0      POP      {R4-R8,PC}       ;; return
     50          
     51          #else  /* avoid empty object files */
     52            void MENU_Attach_C(void) {}
     53          #endif
     54          
     55          /*************************** End of file ****************************/

   Maximum stack usage in bytes:

   .cstack Function
   ------- --------
      24   MENU_Attach
        24   -> GUI_ALLOC_h2p
         0   -> MENU__ResizeMenu
        24   -> WM_AttachWindowAt


   Section sizes:

   Bytes  Function/Label
   -----  --------------
      80  MENU_Attach

 
 80 bytes in section .text
 
 80 bytes of CODE memory

Errors: none
Warnings: none
