###############################################################################
#
# IAR ANSI C/C++ Compiler V7.10.1.6676/W32 for ARM        25/Feb/2020  17:01:07
# Copyright 1999-2014 IAR Systems AB.
#
#    Cpu mode     =  thumb
#    Endian       =  little
#    Source file  =  
#        E:\code\Robin_Nano_SVN\branches\robin_nano_tft35_¼ÎºÌÈýÎ¬\mksRobin_Nano_code\Middlewares\Ucgui\GUI\Widget\SCROLLBAR_Create.c
#    Command line =  
#        E:\code\Robin_Nano_SVN\branches\robin_nano_tft35_¼ÎºÌÈýÎ¬\mksRobin_Nano_code\Middlewares\Ucgui\GUI\Widget\SCROLLBAR_Create.c
#        -D USE_HAL_DRIVER -D STM32F103xE -D STM32F10X_HD -D USE_HAL_LIB -D
#        MKS_ROBIN_NANO -D TFT35 -lC
#        E:\code\Robin_Nano_SVN\branches\robin_nano_tft35_¼ÎºÌÈýÎ¬\mksRobin_Nano_code\EWARM\mksRobin2/List\
#        -lA
#        E:\code\Robin_Nano_SVN\branches\robin_nano_tft35_¼ÎºÌÈýÎ¬\mksRobin_Nano_code\EWARM\mksRobin2/List\
#        --diag_suppress Pa050 -o
#        E:\code\Robin_Nano_SVN\branches\robin_nano_tft35_¼ÎºÌÈýÎ¬\mksRobin_Nano_code\EWARM\mksRobin2/Obj\
#        --no_unroll --no_inline --no_tbaa --no_scheduling --debug
#        --endian=little --cpu=Cortex-M3 -e --char_is_signed --fpu=None
#        --dlib_config "C:\Program Files (x86)\IAR Systems\Embedded Workbench
#        7.0\arm\INC\c\DLib_Config_Full.h" -I
#        E:\code\Robin_Nano_SVN\branches\robin_nano_tft35_¼ÎºÌÈýÎ¬\mksRobin_Nano_code\EWARM/../Inc\
#        -I
#        E:\code\Robin_Nano_SVN\branches\robin_nano_tft35_¼ÎºÌÈýÎ¬\mksRobin_Nano_code\EWARM/../Src\
#        -I
#        E:\code\Robin_Nano_SVN\branches\robin_nano_tft35_¼ÎºÌÈýÎ¬\mksRobin_Nano_code\EWARM/../Drivers/STM32F1xx_HAL_Driver/Inc\
#        -I
#        E:\code\Robin_Nano_SVN\branches\robin_nano_tft35_¼ÎºÌÈýÎ¬\mksRobin_Nano_code\EWARM/../Drivers/STM32F1xx_HAL_Driver/Inc/Legacy\
#        -I
#        E:\code\Robin_Nano_SVN\branches\robin_nano_tft35_¼ÎºÌÈýÎ¬\mksRobin_Nano_code\EWARM/../Middlewares/Third_Party/FatFs/src/drivers\
#        -I
#        E:\code\Robin_Nano_SVN\branches\robin_nano_tft35_¼ÎºÌÈýÎ¬\mksRobin_Nano_code\EWARM/../Middlewares/ST/STM32_USB_Host_Library/Core/Inc\
#        -I
#        E:\code\Robin_Nano_SVN\branches\robin_nano_tft35_¼ÎºÌÈýÎ¬\mksRobin_Nano_code\EWARM/../Middlewares/ST/STM32_USB_Host_Library/Class/MSC/Inc\
#        -I
#        E:\code\Robin_Nano_SVN\branches\robin_nano_tft35_¼ÎºÌÈýÎ¬\mksRobin_Nano_code\EWARM/../Drivers/CMSIS/Device/ST/STM32F1xx/Include\
#        -I
#        E:\code\Robin_Nano_SVN\branches\robin_nano_tft35_¼ÎºÌÈýÎ¬\mksRobin_Nano_code\EWARM/../Middlewares/Third_Party/FatFs/src\
#        -I
#        E:\code\Robin_Nano_SVN\branches\robin_nano_tft35_¼ÎºÌÈýÎ¬\mksRobin_Nano_code\EWARM/../Middlewares/Third_Party/Marlin\
#        -I
#        E:\code\Robin_Nano_SVN\branches\robin_nano_tft35_¼ÎºÌÈýÎ¬\mksRobin_Nano_code\EWARM/../Drivers/CMSIS/Include\
#        -I
#        E:\code\Robin_Nano_SVN\branches\robin_nano_tft35_¼ÎºÌÈýÎ¬\mksRobin_Nano_code\EWARM/../Drivers/BSP/variant\
#        -I
#        E:\code\Robin_Nano_SVN\branches\robin_nano_tft35_¼ÎºÌÈýÎ¬\mksRobin_Nano_code\EWARM/../Drivers/BSP/Components/at24cxx\
#        -I
#        E:\code\Robin_Nano_SVN\branches\robin_nano_tft35_¼ÎºÌÈýÎ¬\mksRobin_Nano_code\EWARM/../Drivers/BSP/Components/w25qxx\
#        -I
#        E:\code\Robin_Nano_SVN\branches\robin_nano_tft35_¼ÎºÌÈýÎ¬\mksRobin_Nano_code\EWARM/../Drivers/BSP/Components/lcd\
#        -I
#        E:\code\Robin_Nano_SVN\branches\robin_nano_tft35_¼ÎºÌÈýÎ¬\mksRobin_Nano_code\EWARM/../Drivers/STM32F10x_StdPeriph_Driver/inc\
#        -I
#        E:\code\Robin_Nano_SVN\branches\robin_nano_tft35_¼ÎºÌÈýÎ¬\mksRobin_Nano_code\EWARM/../Drivers/libstmf4/include\
#        -I
#        E:\code\Robin_Nano_SVN\branches\robin_nano_tft35_¼ÎºÌÈýÎ¬\mksRobin_Nano_code\EWARM/../Middlewares/arduino/stm32/cores/arduino\
#        -I
#        E:\code\Robin_Nano_SVN\branches\robin_nano_tft35_¼ÎºÌÈýÎ¬\mksRobin_Nano_code\EWARM/../Middlewares/Ucgui\
#        -I
#        E:\code\Robin_Nano_SVN\branches\robin_nano_tft35_¼ÎºÌÈýÎ¬\mksRobin_Nano_code\EWARM/../Middlewares/Ucgui/GUI/ConvertColor\
#        -I
#        E:\code\Robin_Nano_SVN\branches\robin_nano_tft35_¼ÎºÌÈýÎ¬\mksRobin_Nano_code\EWARM/../Middlewares/Ucgui/GUI/ConvertMono\
#        -I
#        E:\code\Robin_Nano_SVN\branches\robin_nano_tft35_¼ÎºÌÈýÎ¬\mksRobin_Nano_code\EWARM/../Middlewares/Ucgui/GUI/Core\
#        -I
#        E:\code\Robin_Nano_SVN\branches\robin_nano_tft35_¼ÎºÌÈýÎ¬\mksRobin_Nano_code\EWARM/../Middlewares/Ucgui/GUI/Font\
#        -I
#        E:\code\Robin_Nano_SVN\branches\robin_nano_tft35_¼ÎºÌÈýÎ¬\mksRobin_Nano_code\EWARM/../Middlewares/Ucgui/AntiAlias\
#        -I
#        E:\code\Robin_Nano_SVN\branches\robin_nano_tft35_¼ÎºÌÈýÎ¬\mksRobin_Nano_code\EWARM/../Middlewares/Ucgui/GUI/GUIDemo\
#        -I
#        E:\code\Robin_Nano_SVN\branches\robin_nano_tft35_¼ÎºÌÈýÎ¬\mksRobin_Nano_code\EWARM/../Middlewares/Ucgui/GUI/LCDDriver\
#        -I
#        E:\code\Robin_Nano_SVN\branches\robin_nano_tft35_¼ÎºÌÈýÎ¬\mksRobin_Nano_code\EWARM/../Middlewares/Ucgui/GUI/MemDev\
#        -I
#        E:\code\Robin_Nano_SVN\branches\robin_nano_tft35_¼ÎºÌÈýÎ¬\mksRobin_Nano_code\EWARM/../Middlewares/Ucgui/GUI/MultiLayer\
#        -I
#        E:\code\Robin_Nano_SVN\branches\robin_nano_tft35_¼ÎºÌÈýÎ¬\mksRobin_Nano_code\EWARM/../Middlewares/Ucgui/GUI/Widget\
#        -I
#        E:\code\Robin_Nano_SVN\branches\robin_nano_tft35_¼ÎºÌÈýÎ¬\mksRobin_Nano_code\EWARM/../Middlewares/Ucgui/GUI/WM\
#        -I
#        E:\code\Robin_Nano_SVN\branches\robin_nano_tft35_¼ÎºÌÈýÎ¬\mksRobin_Nano_code\EWARM/../Middlewares/Ucgui/GUI_X\
#        -I
#        E:\code\Robin_Nano_SVN\branches\robin_nano_tft35_¼ÎºÌÈýÎ¬\mksRobin_Nano_code\EWARM/../Middlewares/Ucgui/Config\
#        -I
#        E:\code\Robin_Nano_SVN\branches\robin_nano_tft35_¼ÎºÌÈýÎ¬\mksRobin_Nano_code\EWARM/../User/ui\
#        -I
#        E:\code\Robin_Nano_SVN\branches\robin_nano_tft35_¼ÎºÌÈýÎ¬\mksRobin_Nano_code\EWARM/../User/ui/Multi_language\
#        -I
#        E:\code\Robin_Nano_SVN\branches\robin_nano_tft35_¼ÎºÌÈýÎ¬\mksRobin_Nano_code\EWARM/../User/ui/QRENCODE\
#        -Om --use_c++_inline -I "C:\Program Files (x86)\IAR Systems\Embedded
#        Workbench 7.0\arm\CMSIS\Include\"
#    List file    =  
#        E:\code\Robin_Nano_SVN\branches\robin_nano_tft35_¼ÎºÌÈýÎ¬\mksRobin_Nano_code\EWARM\mksRobin2/List\SCROLLBAR_Create.lst
#    Object file  =  
#        E:\code\Robin_Nano_SVN\branches\robin_nano_tft35_¼ÎºÌÈýÎ¬\mksRobin_Nano_code\EWARM\mksRobin2/Obj\SCROLLBAR_Create.o
#
###############################################################################

E:\code\Robin_Nano_SVN\branches\robin_nano_tft35_¼ÎºÌÈýÎ¬\mksRobin_Nano_code\Middlewares\Ucgui\GUI\Widget\SCROLLBAR_Create.c
      1          /*
      2          *********************************************************************************************************
      3          *                                                uC/GUI
      4          *                        Universal graphic software for embedded applications
      5          *
      6          *                       (c) Copyright 2002, Micrium Inc., Weston, FL
      7          *                       (c) Copyright 2002, SEGGER Microcontroller Systeme GmbH
      8          *
      9          *              µC/GUI is protected by international copyright laws. Knowledge of the
     10          *              source code may not be used to write a similar product. This file may
     11          *              only be used in accordance with a license and should not be redistributed
     12          *              in any way. We appreciate your understanding and fairness.
     13          *
     14          ----------------------------------------------------------------------
     15          File        : SCROLLBAR_Create.c
     16          Purpose     : Implementation of scrollbar widget
     17          ---------------------------END-OF-HEADER------------------------------
     18          */
     19          
     20          #include "SCROLLBAR.h"
     21          
     22          #if GUI_WINSUPPORT
     23          
     24          /*********************************************************************
     25          *
     26          *       Exported routines
     27          *
     28          **********************************************************************
     29          */
     30          /*********************************************************************
     31          *
     32          *       SCROLLBAR_Create
     33          */

   \                                 In section .text, align 2, keep-with-next
     34          SCROLLBAR_Handle SCROLLBAR_Create (int x0, int y0, int xsize, int ysize, WM_HWIN hParent, int Id, int WinFlags, int SpecialFlags) {
   \                     SCROLLBAR_Create: (+1)
   \   00000000   0xB51F             PUSH     {R0-R4,LR}
     35            return SCROLLBAR_CreateEx(x0, y0, xsize, ysize, hParent, WinFlags, SpecialFlags, Id);
   \   00000002   0x9C07             LDR      R4,[SP, #+28]
   \   00000004   0x9403             STR      R4,[SP, #+12]
   \   00000006   0x9C09             LDR      R4,[SP, #+36]
   \   00000008   0x9402             STR      R4,[SP, #+8]
   \   0000000A   0x9C08             LDR      R4,[SP, #+32]
   \   0000000C   0x9401             STR      R4,[SP, #+4]
   \   0000000E   0xF9BD 0x4018      LDRSH    R4,[SP, #+24]
   \   00000012   0x9400             STR      R4,[SP, #+0]
   \   00000014   0x.... 0x....      BL       SCROLLBAR_CreateEx
   \   00000018   0xB004             ADD      SP,SP,#+16
   \   0000001A   0xBD10             POP      {R4,PC}          ;; return
     36          }
     37          
     38          /*********************************************************************
     39          *
     40          *       SCROLLBAR_CreateAttached
     41          */

   \                                 In section .text, align 2, keep-with-next
     42          SCROLLBAR_Handle SCROLLBAR_CreateAttached(WM_HWIN hParent, int SpecialFlags) {
   \                     SCROLLBAR_CreateAttached: (+1)
   \   00000000   0xB51F             PUSH     {R0-R4,LR}
     43            SCROLLBAR_Handle  hThis;
     44            int Id;
     45            int WinFlags;
     46            if (SpecialFlags & SCROLLBAR_CF_VERTICAL) {
   \   00000002   0x070A             LSLS     R2,R1,#+28
   \   00000004   0xD503             BPL.N    ??SCROLLBAR_CreateAttached_0
     47              Id = GUI_ID_VSCROLL;
   \   00000006   0x22FE             MOVS     R2,#+254
     48              WinFlags = WM_CF_SHOW | WM_CF_STAYONTOP | WM_CF_ANCHOR_RIGHT | WM_CF_ANCHOR_TOP | WM_CF_ANCHOR_BOTTOM;
   \   00000008   0xF240 0x538A      MOVW     R3,#+1418
   \   0000000C   0xE002             B.N      ??SCROLLBAR_CreateAttached_1
     49            } else {
     50              Id = GUI_ID_HSCROLL;
   \                     ??SCROLLBAR_CreateAttached_0: (+1)
   \   0000000E   0x22FF             MOVS     R2,#+255
     51              WinFlags = WM_CF_SHOW | WM_CF_STAYONTOP | WM_CF_ANCHOR_BOTTOM | WM_CF_ANCHOR_LEFT | WM_CF_ANCHOR_RIGHT;
   \   00000010   0xF240 0x338A      MOVW     R3,#+906
     52            }
     53            hThis = SCROLLBAR_CreateEx(0, 0, 0, 0, hParent, WinFlags, SpecialFlags, Id);
   \                     ??SCROLLBAR_CreateAttached_1: (+1)
   \   00000014   0x9203             STR      R2,[SP, #+12]
   \   00000016   0x9102             STR      R1,[SP, #+8]
   \   00000018   0x9301             STR      R3,[SP, #+4]
   \   0000001A   0x9000             STR      R0,[SP, #+0]
   \   0000001C   0x2300             MOVS     R3,#+0
   \   0000001E   0x461A             MOV      R2,R3
   \   00000020   0x4611             MOV      R1,R2
   \   00000022   0x4608             MOV      R0,R1
   \   00000024   0x.... 0x....      BL       SCROLLBAR_CreateEx
   \   00000028   0x4604             MOV      R4,R0
     54            WM_NotifyParent(hThis, WM_NOTIFICATION_SCROLLBAR_ADDED);
   \   0000002A   0x2106             MOVS     R1,#+6
   \   0000002C   0x.... 0x....      BL       WM_NotifyParent
     55            return hThis;
   \   00000030   0x4620             MOV      R0,R4
   \   00000032   0xB004             ADD      SP,SP,#+16
   \   00000034   0xBD10             POP      {R4,PC}          ;; return
     56          }
     57          
     58          #else  /* avoid empty object files */
     59            void SCROLLBAR_Create_C(void) {}
     60          #endif

   Maximum stack usage in bytes:

   .cstack Function
   ------- --------
      24   SCROLLBAR_Create
        24   -> SCROLLBAR_CreateEx
      24   SCROLLBAR_CreateAttached
        24   -> SCROLLBAR_CreateEx
        24   -> WM_NotifyParent


   Section sizes:

   Bytes  Function/Label
   -----  --------------
      28  SCROLLBAR_Create
      54  SCROLLBAR_CreateAttached

 
 82 bytes in section .text
 
 82 bytes of CODE memory

Errors: none
Warnings: none
