###############################################################################
#
# IAR ANSI C/C++ Compiler V7.10.1.6676/W32 for ARM        25/Feb/2020  17:01:18
# Copyright 1999-2014 IAR Systems AB.
#
#    Cpu mode     =  thumb
#    Endian       =  little
#    Source file  =  
#        E:\code\Robin_Nano_SVN\branches\robin_nano_tft35_¼ÎºÌÈýÎ¬\mksRobin_Nano_code\Middlewares\Ucgui\GUI\WM\WM_GetClientWindow.c
#    Command line =  
#        E:\code\Robin_Nano_SVN\branches\robin_nano_tft35_¼ÎºÌÈýÎ¬\mksRobin_Nano_code\Middlewares\Ucgui\GUI\WM\WM_GetClientWindow.c
#        -D USE_HAL_DRIVER -D STM32F103xE -D STM32F10X_HD -D USE_HAL_LIB -D
#        MKS_ROBIN_NANO -D TFT35 -lC
#        E:\code\Robin_Nano_SVN\branches\robin_nano_tft35_¼ÎºÌÈýÎ¬\mksRobin_Nano_code\EWARM\mksRobin2/List\
#        -lA
#        E:\code\Robin_Nano_SVN\branches\robin_nano_tft35_¼ÎºÌÈýÎ¬\mksRobin_Nano_code\EWARM\mksRobin2/List\
#        --diag_suppress Pa050 -o
#        E:\code\Robin_Nano_SVN\branches\robin_nano_tft35_¼ÎºÌÈýÎ¬\mksRobin_Nano_code\EWARM\mksRobin2/Obj\
#        --no_unroll --no_inline --no_tbaa --no_scheduling --debug
#        --endian=little --cpu=Cortex-M3 -e --char_is_signed --fpu=None
#        --dlib_config "C:\Program Files (x86)\IAR Systems\Embedded Workbench
#        7.0\arm\INC\c\DLib_Config_Full.h" -I
#        E:\code\Robin_Nano_SVN\branches\robin_nano_tft35_¼ÎºÌÈýÎ¬\mksRobin_Nano_code\EWARM/../Inc\
#        -I
#        E:\code\Robin_Nano_SVN\branches\robin_nano_tft35_¼ÎºÌÈýÎ¬\mksRobin_Nano_code\EWARM/../Src\
#        -I
#        E:\code\Robin_Nano_SVN\branches\robin_nano_tft35_¼ÎºÌÈýÎ¬\mksRobin_Nano_code\EWARM/../Drivers/STM32F1xx_HAL_Driver/Inc\
#        -I
#        E:\code\Robin_Nano_SVN\branches\robin_nano_tft35_¼ÎºÌÈýÎ¬\mksRobin_Nano_code\EWARM/../Drivers/STM32F1xx_HAL_Driver/Inc/Legacy\
#        -I
#        E:\code\Robin_Nano_SVN\branches\robin_nano_tft35_¼ÎºÌÈýÎ¬\mksRobin_Nano_code\EWARM/../Middlewares/Third_Party/FatFs/src/drivers\
#        -I
#        E:\code\Robin_Nano_SVN\branches\robin_nano_tft35_¼ÎºÌÈýÎ¬\mksRobin_Nano_code\EWARM/../Middlewares/ST/STM32_USB_Host_Library/Core/Inc\
#        -I
#        E:\code\Robin_Nano_SVN\branches\robin_nano_tft35_¼ÎºÌÈýÎ¬\mksRobin_Nano_code\EWARM/../Middlewares/ST/STM32_USB_Host_Library/Class/MSC/Inc\
#        -I
#        E:\code\Robin_Nano_SVN\branches\robin_nano_tft35_¼ÎºÌÈýÎ¬\mksRobin_Nano_code\EWARM/../Drivers/CMSIS/Device/ST/STM32F1xx/Include\
#        -I
#        E:\code\Robin_Nano_SVN\branches\robin_nano_tft35_¼ÎºÌÈýÎ¬\mksRobin_Nano_code\EWARM/../Middlewares/Third_Party/FatFs/src\
#        -I
#        E:\code\Robin_Nano_SVN\branches\robin_nano_tft35_¼ÎºÌÈýÎ¬\mksRobin_Nano_code\EWARM/../Middlewares/Third_Party/Marlin\
#        -I
#        E:\code\Robin_Nano_SVN\branches\robin_nano_tft35_¼ÎºÌÈýÎ¬\mksRobin_Nano_code\EWARM/../Drivers/CMSIS/Include\
#        -I
#        E:\code\Robin_Nano_SVN\branches\robin_nano_tft35_¼ÎºÌÈýÎ¬\mksRobin_Nano_code\EWARM/../Drivers/BSP/variant\
#        -I
#        E:\code\Robin_Nano_SVN\branches\robin_nano_tft35_¼ÎºÌÈýÎ¬\mksRobin_Nano_code\EWARM/../Drivers/BSP/Components/at24cxx\
#        -I
#        E:\code\Robin_Nano_SVN\branches\robin_nano_tft35_¼ÎºÌÈýÎ¬\mksRobin_Nano_code\EWARM/../Drivers/BSP/Components/w25qxx\
#        -I
#        E:\code\Robin_Nano_SVN\branches\robin_nano_tft35_¼ÎºÌÈýÎ¬\mksRobin_Nano_code\EWARM/../Drivers/BSP/Components/lcd\
#        -I
#        E:\code\Robin_Nano_SVN\branches\robin_nano_tft35_¼ÎºÌÈýÎ¬\mksRobin_Nano_code\EWARM/../Drivers/STM32F10x_StdPeriph_Driver/inc\
#        -I
#        E:\code\Robin_Nano_SVN\branches\robin_nano_tft35_¼ÎºÌÈýÎ¬\mksRobin_Nano_code\EWARM/../Drivers/libstmf4/include\
#        -I
#        E:\code\Robin_Nano_SVN\branches\robin_nano_tft35_¼ÎºÌÈýÎ¬\mksRobin_Nano_code\EWARM/../Middlewares/arduino/stm32/cores/arduino\
#        -I
#        E:\code\Robin_Nano_SVN\branches\robin_nano_tft35_¼ÎºÌÈýÎ¬\mksRobin_Nano_code\EWARM/../Middlewares/Ucgui\
#        -I
#        E:\code\Robin_Nano_SVN\branches\robin_nano_tft35_¼ÎºÌÈýÎ¬\mksRobin_Nano_code\EWARM/../Middlewares/Ucgui/GUI/ConvertColor\
#        -I
#        E:\code\Robin_Nano_SVN\branches\robin_nano_tft35_¼ÎºÌÈýÎ¬\mksRobin_Nano_code\EWARM/../Middlewares/Ucgui/GUI/ConvertMono\
#        -I
#        E:\code\Robin_Nano_SVN\branches\robin_nano_tft35_¼ÎºÌÈýÎ¬\mksRobin_Nano_code\EWARM/../Middlewares/Ucgui/GUI/Core\
#        -I
#        E:\code\Robin_Nano_SVN\branches\robin_nano_tft35_¼ÎºÌÈýÎ¬\mksRobin_Nano_code\EWARM/../Middlewares/Ucgui/GUI/Font\
#        -I
#        E:\code\Robin_Nano_SVN\branches\robin_nano_tft35_¼ÎºÌÈýÎ¬\mksRobin_Nano_code\EWARM/../Middlewares/Ucgui/AntiAlias\
#        -I
#        E:\code\Robin_Nano_SVN\branches\robin_nano_tft35_¼ÎºÌÈýÎ¬\mksRobin_Nano_code\EWARM/../Middlewares/Ucgui/GUI/GUIDemo\
#        -I
#        E:\code\Robin_Nano_SVN\branches\robin_nano_tft35_¼ÎºÌÈýÎ¬\mksRobin_Nano_code\EWARM/../Middlewares/Ucgui/GUI/LCDDriver\
#        -I
#        E:\code\Robin_Nano_SVN\branches\robin_nano_tft35_¼ÎºÌÈýÎ¬\mksRobin_Nano_code\EWARM/../Middlewares/Ucgui/GUI/MemDev\
#        -I
#        E:\code\Robin_Nano_SVN\branches\robin_nano_tft35_¼ÎºÌÈýÎ¬\mksRobin_Nano_code\EWARM/../Middlewares/Ucgui/GUI/MultiLayer\
#        -I
#        E:\code\Robin_Nano_SVN\branches\robin_nano_tft35_¼ÎºÌÈýÎ¬\mksRobin_Nano_code\EWARM/../Middlewares/Ucgui/GUI/Widget\
#        -I
#        E:\code\Robin_Nano_SVN\branches\robin_nano_tft35_¼ÎºÌÈýÎ¬\mksRobin_Nano_code\EWARM/../Middlewares/Ucgui/GUI/WM\
#        -I
#        E:\code\Robin_Nano_SVN\branches\robin_nano_tft35_¼ÎºÌÈýÎ¬\mksRobin_Nano_code\EWARM/../Middlewares/Ucgui/GUI_X\
#        -I
#        E:\code\Robin_Nano_SVN\branches\robin_nano_tft35_¼ÎºÌÈýÎ¬\mksRobin_Nano_code\EWARM/../Middlewares/Ucgui/Config\
#        -I
#        E:\code\Robin_Nano_SVN\branches\robin_nano_tft35_¼ÎºÌÈýÎ¬\mksRobin_Nano_code\EWARM/../User/ui\
#        -I
#        E:\code\Robin_Nano_SVN\branches\robin_nano_tft35_¼ÎºÌÈýÎ¬\mksRobin_Nano_code\EWARM/../User/ui/Multi_language\
#        -I
#        E:\code\Robin_Nano_SVN\branches\robin_nano_tft35_¼ÎºÌÈýÎ¬\mksRobin_Nano_code\EWARM/../User/ui/QRENCODE\
#        -Om --use_c++_inline -I "C:\Program Files (x86)\IAR Systems\Embedded
#        Workbench 7.0\arm\CMSIS\Include\"
#    List file    =  
#        E:\code\Robin_Nano_SVN\branches\robin_nano_tft35_¼ÎºÌÈýÎ¬\mksRobin_Nano_code\EWARM\mksRobin2/List\WM_GetClientWindow.lst
#    Object file  =  
#        E:\code\Robin_Nano_SVN\branches\robin_nano_tft35_¼ÎºÌÈýÎ¬\mksRobin_Nano_code\EWARM\mksRobin2/Obj\WM_GetClientWindow.o
#
###############################################################################

E:\code\Robin_Nano_SVN\branches\robin_nano_tft35_¼ÎºÌÈýÎ¬\mksRobin_Nano_code\Middlewares\Ucgui\GUI\WM\WM_GetClientWindow.c
      1          /*
      2          *********************************************************************************************************
      3          *                                                uC/GUI
      4          *                        Universal graphic software for embedded applications
      5          *
      6          *                       (c) Copyright 2002, Micrium Inc., Weston, FL
      7          *                       (c) Copyright 2002, SEGGER Microcontroller Systeme GmbH
      8          *
      9          *              µC/GUI is protected by international copyright laws. Knowledge of the
     10          *              source code may not be used to write a similar product. This file may
     11          *              only be used in accordance with a license and should not be redistributed
     12          *              in any way. We appreciate your understanding and fairness.
     13          *
     14          ----------------------------------------------------------------------
     15          File        : WM_GetClientWindow.c
     16          Purpose     : Implementation of WM_GetClientWindow
     17          ----------------------------------------------------------------------
     18          */
     19          
     20          #include "WM_Intern.h"
     21          
     22          #if GUI_WINSUPPORT
     23          
     24          /*********************************************************************
     25          *
     26          *        Public code
     27          *
     28          **********************************************************************
     29          */
     30          /*********************************************************************
     31          *
     32          *       WM_GetClientWindow
     33          */

   \                                 In section .text, align 2, keep-with-next
     34          WM_HWIN WM_GetClientWindow(WM_HWIN hObj) {
   \                     WM_GetClientWindow: (+1)
   \   00000000   0xB5E0             PUSH     {R5-R7,LR}
     35            WM_MESSAGE Msg;
     36            Msg.Data.v = 0;
   \   00000002   0x2100             MOVS     R1,#+0
   \   00000004   0x9102             STR      R1,[SP, #+8]
     37            Msg.MsgId  = WM_GET_CLIENT_WINDOW;
   \   00000006   0x2117             MOVS     R1,#+23
   \   00000008   0x9100             STR      R1,[SP, #+0]
     38            WM_SendMessage(hObj, &Msg);
   \   0000000A   0xA900             ADD      R1,SP,#+0
   \   0000000C   0x.... 0x....      BL       WM_SendMessage
     39            return (WM_HWIN)Msg.Data.v;
   \   00000010   0x9802             LDR      R0,[SP, #+8]
   \   00000012   0xB200             SXTH     R0,R0
   \   00000014   0xBD0E             POP      {R1-R3,PC}       ;; return
     40          
     41          }
     42          
     43          #else                            /* Avoid problems with empty object modules */
     44            void WM_GETCLIENTWINDOW_C(void) {}
     45          #endif /* GUI_WINSUPPORT */
     46          
     47          /*************************** End of file ****************************/

   Maximum stack usage in bytes:

   .cstack Function
   ------- --------
      16   WM_GetClientWindow
        16   -> WM_SendMessage


   Section sizes:

   Bytes  Function/Label
   -----  --------------
      22  WM_GetClientWindow

 
 22 bytes in section .text
 
 22 bytes of CODE memory

Errors: none
Warnings: none
