###############################################################################
#
# IAR ANSI C/C++ Compiler V7.10.1.6676/W32 for ARM        25/Feb/2020  17:01:23
# Copyright 1999-2014 IAR Systems AB.
#
#    Cpu mode     =  thumb
#    Endian       =  little
#    Source file  =  
#        E:\code\Robin_Nano_SVN\branches\robin_nano_tft35_¼ÎºÌÈýÎ¬\mksRobin_Nano_code\Middlewares\Ucgui\GUI\WM\WM_IsFocussable.c
#    Command line =  
#        E:\code\Robin_Nano_SVN\branches\robin_nano_tft35_¼ÎºÌÈýÎ¬\mksRobin_Nano_code\Middlewares\Ucgui\GUI\WM\WM_IsFocussable.c
#        -D USE_HAL_DRIVER -D STM32F103xE -D STM32F10X_HD -D USE_HAL_LIB -D
#        MKS_ROBIN_NANO -D TFT35 -lC
#        E:\code\Robin_Nano_SVN\branches\robin_nano_tft35_¼ÎºÌÈýÎ¬\mksRobin_Nano_code\EWARM\mksRobin2/List\
#        -lA
#        E:\code\Robin_Nano_SVN\branches\robin_nano_tft35_¼ÎºÌÈýÎ¬\mksRobin_Nano_code\EWARM\mksRobin2/List\
#        --diag_suppress Pa050 -o
#        E:\code\Robin_Nano_SVN\branches\robin_nano_tft35_¼ÎºÌÈýÎ¬\mksRobin_Nano_code\EWARM\mksRobin2/Obj\
#        --no_unroll --no_inline --no_tbaa --no_scheduling --debug
#        --endian=little --cpu=Cortex-M3 -e --char_is_signed --fpu=None
#        --dlib_config "C:\Program Files (x86)\IAR Systems\Embedded Workbench
#        7.0\arm\INC\c\DLib_Config_Full.h" -I
#        E:\code\Robin_Nano_SVN\branches\robin_nano_tft35_¼ÎºÌÈýÎ¬\mksRobin_Nano_code\EWARM/../Inc\
#        -I
#        E:\code\Robin_Nano_SVN\branches\robin_nano_tft35_¼ÎºÌÈýÎ¬\mksRobin_Nano_code\EWARM/../Src\
#        -I
#        E:\code\Robin_Nano_SVN\branches\robin_nano_tft35_¼ÎºÌÈýÎ¬\mksRobin_Nano_code\EWARM/../Drivers/STM32F1xx_HAL_Driver/Inc\
#        -I
#        E:\code\Robin_Nano_SVN\branches\robin_nano_tft35_¼ÎºÌÈýÎ¬\mksRobin_Nano_code\EWARM/../Drivers/STM32F1xx_HAL_Driver/Inc/Legacy\
#        -I
#        E:\code\Robin_Nano_SVN\branches\robin_nano_tft35_¼ÎºÌÈýÎ¬\mksRobin_Nano_code\EWARM/../Middlewares/Third_Party/FatFs/src/drivers\
#        -I
#        E:\code\Robin_Nano_SVN\branches\robin_nano_tft35_¼ÎºÌÈýÎ¬\mksRobin_Nano_code\EWARM/../Middlewares/ST/STM32_USB_Host_Library/Core/Inc\
#        -I
#        E:\code\Robin_Nano_SVN\branches\robin_nano_tft35_¼ÎºÌÈýÎ¬\mksRobin_Nano_code\EWARM/../Middlewares/ST/STM32_USB_Host_Library/Class/MSC/Inc\
#        -I
#        E:\code\Robin_Nano_SVN\branches\robin_nano_tft35_¼ÎºÌÈýÎ¬\mksRobin_Nano_code\EWARM/../Drivers/CMSIS/Device/ST/STM32F1xx/Include\
#        -I
#        E:\code\Robin_Nano_SVN\branches\robin_nano_tft35_¼ÎºÌÈýÎ¬\mksRobin_Nano_code\EWARM/../Middlewares/Third_Party/FatFs/src\
#        -I
#        E:\code\Robin_Nano_SVN\branches\robin_nano_tft35_¼ÎºÌÈýÎ¬\mksRobin_Nano_code\EWARM/../Middlewares/Third_Party/Marlin\
#        -I
#        E:\code\Robin_Nano_SVN\branches\robin_nano_tft35_¼ÎºÌÈýÎ¬\mksRobin_Nano_code\EWARM/../Drivers/CMSIS/Include\
#        -I
#        E:\code\Robin_Nano_SVN\branches\robin_nano_tft35_¼ÎºÌÈýÎ¬\mksRobin_Nano_code\EWARM/../Drivers/BSP/variant\
#        -I
#        E:\code\Robin_Nano_SVN\branches\robin_nano_tft35_¼ÎºÌÈýÎ¬\mksRobin_Nano_code\EWARM/../Drivers/BSP/Components/at24cxx\
#        -I
#        E:\code\Robin_Nano_SVN\branches\robin_nano_tft35_¼ÎºÌÈýÎ¬\mksRobin_Nano_code\EWARM/../Drivers/BSP/Components/w25qxx\
#        -I
#        E:\code\Robin_Nano_SVN\branches\robin_nano_tft35_¼ÎºÌÈýÎ¬\mksRobin_Nano_code\EWARM/../Drivers/BSP/Components/lcd\
#        -I
#        E:\code\Robin_Nano_SVN\branches\robin_nano_tft35_¼ÎºÌÈýÎ¬\mksRobin_Nano_code\EWARM/../Drivers/STM32F10x_StdPeriph_Driver/inc\
#        -I
#        E:\code\Robin_Nano_SVN\branches\robin_nano_tft35_¼ÎºÌÈýÎ¬\mksRobin_Nano_code\EWARM/../Drivers/libstmf4/include\
#        -I
#        E:\code\Robin_Nano_SVN\branches\robin_nano_tft35_¼ÎºÌÈýÎ¬\mksRobin_Nano_code\EWARM/../Middlewares/arduino/stm32/cores/arduino\
#        -I
#        E:\code\Robin_Nano_SVN\branches\robin_nano_tft35_¼ÎºÌÈýÎ¬\mksRobin_Nano_code\EWARM/../Middlewares/Ucgui\
#        -I
#        E:\code\Robin_Nano_SVN\branches\robin_nano_tft35_¼ÎºÌÈýÎ¬\mksRobin_Nano_code\EWARM/../Middlewares/Ucgui/GUI/ConvertColor\
#        -I
#        E:\code\Robin_Nano_SVN\branches\robin_nano_tft35_¼ÎºÌÈýÎ¬\mksRobin_Nano_code\EWARM/../Middlewares/Ucgui/GUI/ConvertMono\
#        -I
#        E:\code\Robin_Nano_SVN\branches\robin_nano_tft35_¼ÎºÌÈýÎ¬\mksRobin_Nano_code\EWARM/../Middlewares/Ucgui/GUI/Core\
#        -I
#        E:\code\Robin_Nano_SVN\branches\robin_nano_tft35_¼ÎºÌÈýÎ¬\mksRobin_Nano_code\EWARM/../Middlewares/Ucgui/GUI/Font\
#        -I
#        E:\code\Robin_Nano_SVN\branches\robin_nano_tft35_¼ÎºÌÈýÎ¬\mksRobin_Nano_code\EWARM/../Middlewares/Ucgui/AntiAlias\
#        -I
#        E:\code\Robin_Nano_SVN\branches\robin_nano_tft35_¼ÎºÌÈýÎ¬\mksRobin_Nano_code\EWARM/../Middlewares/Ucgui/GUI/GUIDemo\
#        -I
#        E:\code\Robin_Nano_SVN\branches\robin_nano_tft35_¼ÎºÌÈýÎ¬\mksRobin_Nano_code\EWARM/../Middlewares/Ucgui/GUI/LCDDriver\
#        -I
#        E:\code\Robin_Nano_SVN\branches\robin_nano_tft35_¼ÎºÌÈýÎ¬\mksRobin_Nano_code\EWARM/../Middlewares/Ucgui/GUI/MemDev\
#        -I
#        E:\code\Robin_Nano_SVN\branches\robin_nano_tft35_¼ÎºÌÈýÎ¬\mksRobin_Nano_code\EWARM/../Middlewares/Ucgui/GUI/MultiLayer\
#        -I
#        E:\code\Robin_Nano_SVN\branches\robin_nano_tft35_¼ÎºÌÈýÎ¬\mksRobin_Nano_code\EWARM/../Middlewares/Ucgui/GUI/Widget\
#        -I
#        E:\code\Robin_Nano_SVN\branches\robin_nano_tft35_¼ÎºÌÈýÎ¬\mksRobin_Nano_code\EWARM/../Middlewares/Ucgui/GUI/WM\
#        -I
#        E:\code\Robin_Nano_SVN\branches\robin_nano_tft35_¼ÎºÌÈýÎ¬\mksRobin_Nano_code\EWARM/../Middlewares/Ucgui/GUI_X\
#        -I
#        E:\code\Robin_Nano_SVN\branches\robin_nano_tft35_¼ÎºÌÈýÎ¬\mksRobin_Nano_code\EWARM/../Middlewares/Ucgui/Config\
#        -I
#        E:\code\Robin_Nano_SVN\branches\robin_nano_tft35_¼ÎºÌÈýÎ¬\mksRobin_Nano_code\EWARM/../User/ui\
#        -I
#        E:\code\Robin_Nano_SVN\branches\robin_nano_tft35_¼ÎºÌÈýÎ¬\mksRobin_Nano_code\EWARM/../User/ui/Multi_language\
#        -I
#        E:\code\Robin_Nano_SVN\branches\robin_nano_tft35_¼ÎºÌÈýÎ¬\mksRobin_Nano_code\EWARM/../User/ui/QRENCODE\
#        -Om --use_c++_inline -I "C:\Program Files (x86)\IAR Systems\Embedded
#        Workbench 7.0\arm\CMSIS\Include\"
#    List file    =  
#        E:\code\Robin_Nano_SVN\branches\robin_nano_tft35_¼ÎºÌÈýÎ¬\mksRobin_Nano_code\EWARM\mksRobin2/List\WM_IsFocussable.lst
#    Object file  =  
#        E:\code\Robin_Nano_SVN\branches\robin_nano_tft35_¼ÎºÌÈýÎ¬\mksRobin_Nano_code\EWARM\mksRobin2/Obj\WM_IsFocussable.o
#
###############################################################################

E:\code\Robin_Nano_SVN\branches\robin_nano_tft35_¼ÎºÌÈýÎ¬\mksRobin_Nano_code\Middlewares\Ucgui\GUI\WM\WM_IsFocussable.c
      1          /*
      2          *********************************************************************************************************
      3          *                                                uC/GUI
      4          *                        Universal graphic software for embedded applications
      5          *
      6          *                       (c) Copyright 2002, Micrium Inc., Weston, FL
      7          *                       (c) Copyright 2002, SEGGER Microcontroller Systeme GmbH
      8          *
      9          *              µC/GUI is protected by international copyright laws. Knowledge of the
     10          *              source code may not be used to write a similar product. This file may
     11          *              only be used in accordance with a license and should not be redistributed
     12          *              in any way. We appreciate your understanding and fairness.
     13          *
     14          ----------------------------------------------------------------------
     15          File        : WM_IsFocussable.c
     16          Purpose     : Windows manager, implementation of WM_IsFocussable
     17          ----------------------------------------------------------------------
     18          */
     19          
     20          #include "WM_Intern.h"
     21          
     22          #if GUI_WINSUPPORT    /* If 0, WM will not generate any code */
     23          
     24          /*********************************************************************
     25          *
     26          *       Public code
     27          *
     28          **********************************************************************
     29          */
     30          /*********************************************************************
     31          *
     32          *       WM_IsFocussable
     33          */

   \                                 In section .text, align 2, keep-with-next
     34          int WM_IsFocussable(WM_HWIN hWin) {
   \                     WM_IsFocussable: (+1)
   \   00000000   0x4602             MOV      R2,R0
     35            int r = 0;
   \   00000002   0x2000             MOVS     R0,#+0
     36            if (hWin) {
   \   00000004   0x2A00             CMP      R2,#+0
   \   00000006   0xD100             BNE.N    ??WM_IsFocussable_0
   \   00000008   0x4770             BX       LR
     37              WM_MESSAGE Msg;
     38              Msg.Data.v = 0;
   \                     ??WM_IsFocussable_0: (+1)
   \   0000000A   0xB5E0             PUSH     {R5-R7,LR}
   \   0000000C   0x9002             STR      R0,[SP, #+8]
     39              Msg.MsgId  = WM_GET_ACCEPT_FOCUS;
   \   0000000E   0x2020             MOVS     R0,#+32
   \   00000010   0x9000             STR      R0,[SP, #+0]
     40              WM_SendMessage(hWin, &Msg);
   \   00000012   0xA900             ADD      R1,SP,#+0
   \   00000014   0x4610             MOV      R0,R2
   \   00000016   0x.... 0x....      BL       WM_SendMessage
     41              r = Msg.Data.v;
   \   0000001A   0x9802             LDR      R0,[SP, #+8]
     42            }
     43            return r;
   \   0000001C   0xBD0E             POP      {R1-R3,PC}       ;; return
     44          }
     45          
     46          #else
     47            void WM_IsFocussable_C(void) {} /* avoid empty object files */
     48          #endif
     49          
     50          /*************************** End of file ****************************/

   Maximum stack usage in bytes:

   .cstack Function
   ------- --------
      16   WM_IsFocussable
        16   -> WM_SendMessage


   Section sizes:

   Bytes  Function/Label
   -----  --------------
      30  WM_IsFocussable

 
 30 bytes in section .text
 
 30 bytes of CODE memory

Errors: none
Warnings: none
